This file contains any messages produced by compilers while
running configure, to aid debugging if configure makes a mistake.

It was created by configure, which was
generated by GNU Autoconf 2.69.  Invocation command line was

  $ ./configure 

## --------- ##
## Platform. ##
## --------- ##

hostname = poppy.as.arizona.edu
uname -m = x86_64
uname -r = 2.6.32-696.23.1.el6.x86_64
uname -s = Linux
uname -v = #1 SMP Tue Mar 13 17:46:31 CDT 2018

/usr/bin/uname -p = unknown
/bin/uname -X     = unknown

/bin/arch              = x86_64
/usr/bin/arch -k       = unknown
/usr/convex/getsysinfo = unknown
/usr/bin/hostinfo      = unknown
/bin/machine           = unknown
/usr/bin/oslevel       = unknown
/bin/universe          = unknown

PATH: /home/morrison/anaconda3/bin
PATH: /usr/local/bin
PATH: /bin
PATH: /usr/bin
PATH: /home/morrison/bin
PATH: /home/morrison/MIRI_DHAS/MPipeline/DAT


## ----------- ##
## Core tests. ##
## ----------- ##

configure:2110: checking build system type
configure:2124: result: x86_64-pc-linux-gnu
configure:2144: checking host system type
configure:2157: result: x86_64-pc-linux-gnu
configure:2177: checking target system type
configure:2190: result: x86_64-pc-linux-gnu
configure:2316: checking for gcc
configure:2332: found /usr/bin/gcc
configure:2343: result: gcc
configure:2572: checking for C compiler version
configure:2581: gcc --version >&5
gcc (GCC) 4.4.7 20120313 (Red Hat 4.4.7-18)
Copyright (C) 2010 Free Software Foundation, Inc.
This is free software; see the source for copying conditions.  There is NO
warranty; not even for MERCHANTABILITY or FITNESS FOR A PARTICULAR PURPOSE.

configure:2592: $? = 0
configure:2581: gcc -v >&5
Using built-in specs.
Target: x86_64-redhat-linux
Configured with: ../configure --prefix=/usr --mandir=/usr/share/man --infodir=/usr/share/info --with-bugurl=http://bugzilla.redhat.com/bugzilla --enable-bootstrap --enable-shared --enable-threads=posix --enable-checking=release --with-system-zlib --enable-__cxa_atexit --disable-libunwind-exceptions --enable-gnu-unique-object --enable-languages=c,c++,objc,obj-c++,java,fortran,ada --enable-java-awt=gtk --disable-dssi --with-java-home=/usr/lib/jvm/java-1.5.0-gcj-1.5.0.0/jre --enable-libgcj-multifile --enable-java-maintainer-mode --with-ecj-jar=/usr/share/java/eclipse-ecj.jar --disable-libjava-multilib --with-ppl --with-cloog --with-tune=generic --with-arch_32=i686 --build=x86_64-redhat-linux
Thread model: posix
gcc version 4.4.7 20120313 (Red Hat 4.4.7-18) (GCC) 
configure:2592: $? = 0
configure:2581: gcc -V >&5
gcc: '-V' option must have argument
configure:2592: $? = 1
configure:2581: gcc -qversion >&5
gcc: unrecognized option '-qversion'
gcc: no input files
configure:2592: $? = 1
configure:2612: checking whether the C compiler works
configure:2634: gcc    conftest.c  >&5
configure:2638: $? = 0
configure:2686: result: yes
configure:2689: checking for C compiler default output file name
configure:2691: result: a.out
configure:2697: checking for suffix of executables
configure:2704: gcc -o conftest    conftest.c  >&5
configure:2708: $? = 0
configure:2730: result: 
configure:2752: checking whether we are cross compiling
configure:2760: gcc -o conftest    conftest.c  >&5
configure:2764: $? = 0
configure:2771: ./conftest
configure:2775: $? = 0
configure:2790: result: no
configure:2795: checking for suffix of object files
configure:2817: gcc -c   conftest.c >&5
configure:2821: $? = 0
configure:2842: result: o
configure:2846: checking whether we are using the GNU C compiler
configure:2865: gcc -c   conftest.c >&5
configure:2865: $? = 0
configure:2874: result: yes
configure:2883: checking whether gcc accepts -g
configure:2903: gcc -c -g  conftest.c >&5
configure:2903: $? = 0
configure:2944: result: yes
configure:2961: checking for gcc option to accept ISO C89
configure:3024: gcc  -c -g -O2  conftest.c >&5
configure:3024: $? = 0
configure:3037: result: none needed
configure:3063: checking how to run the C preprocessor
configure:3094: gcc -E  conftest.c
configure:3094: $? = 0
configure:3108: gcc -E  conftest.c
conftest.c:9:28: error: ac_nonexistent.h: No such file or directory
configure:3108: $? = 1
configure: failed program was:
| /* confdefs.h */
| #define PACKAGE_NAME ""
| #define PACKAGE_TARNAME ""
| #define PACKAGE_VERSION ""
| #define PACKAGE_STRING ""
| #define PACKAGE_BUGREPORT ""
| #define PACKAGE_URL ""
| /* end confdefs.h.  */
| #include <ac_nonexistent.h>
configure:3133: result: gcc -E
configure:3153: gcc -E  conftest.c
configure:3153: $? = 0
configure:3167: gcc -E  conftest.c
conftest.c:9:28: error: ac_nonexistent.h: No such file or directory
configure:3167: $? = 1
configure: failed program was:
| /* confdefs.h */
| #define PACKAGE_NAME ""
| #define PACKAGE_TARNAME ""
| #define PACKAGE_VERSION ""
| #define PACKAGE_STRING ""
| #define PACKAGE_BUGREPORT ""
| #define PACKAGE_URL ""
| /* end confdefs.h.  */
| #include <ac_nonexistent.h>
configure:3196: checking for grep that handles long lines and -e
configure:3254: result: /bin/grep
configure:3259: checking for egrep
configure:3321: result: /bin/grep -E
configure:3326: checking for ANSI C header files
configure:3346: gcc -c -g -O2  conftest.c >&5
configure:3346: $? = 0
configure:3419: gcc -o conftest -g -O2   conftest.c  >&5
configure:3419: $? = 0
configure:3419: ./conftest
configure:3419: $? = 0
configure:3430: result: yes
configure:3443: checking for sys/types.h
configure:3443: gcc -c -g -O2  conftest.c >&5
configure:3443: $? = 0
configure:3443: result: yes
configure:3443: checking for sys/stat.h
configure:3443: gcc -c -g -O2  conftest.c >&5
configure:3443: $? = 0
configure:3443: result: yes
configure:3443: checking for stdlib.h
configure:3443: gcc -c -g -O2  conftest.c >&5
configure:3443: $? = 0
configure:3443: result: yes
configure:3443: checking for string.h
configure:3443: gcc -c -g -O2  conftest.c >&5
configure:3443: $? = 0
configure:3443: result: yes
configure:3443: checking for memory.h
configure:3443: gcc -c -g -O2  conftest.c >&5
configure:3443: $? = 0
configure:3443: result: yes
configure:3443: checking for strings.h
configure:3443: gcc -c -g -O2  conftest.c >&5
configure:3443: $? = 0
configure:3443: result: yes
configure:3443: checking for inttypes.h
configure:3443: gcc -c -g -O2  conftest.c >&5
configure:3443: $? = 0
configure:3443: result: yes
configure:3443: checking for stdint.h
configure:3443: gcc -c -g -O2  conftest.c >&5
configure:3443: $? = 0
configure:3443: result: yes
configure:3443: checking for unistd.h
configure:3443: gcc -c -g -O2  conftest.c >&5
configure:3443: $? = 0
configure:3443: result: yes
configure:3727: checking for gcc
configure:3754: result: gcc
configure:3983: checking for C compiler version
configure:3992: gcc --version >&5
gcc (GCC) 4.4.7 20120313 (Red Hat 4.4.7-18)
Copyright (C) 2010 Free Software Foundation, Inc.
This is free software; see the source for copying conditions.  There is NO
warranty; not even for MERCHANTABILITY or FITNESS FOR A PARTICULAR PURPOSE.

configure:4003: $? = 0
configure:3992: gcc -v >&5
Using built-in specs.
Target: x86_64-redhat-linux
Configured with: ../configure --prefix=/usr --mandir=/usr/share/man --infodir=/usr/share/info --with-bugurl=http://bugzilla.redhat.com/bugzilla --enable-bootstrap --enable-shared --enable-threads=posix --enable-checking=release --with-system-zlib --enable-__cxa_atexit --disable-libunwind-exceptions --enable-gnu-unique-object --enable-languages=c,c++,objc,obj-c++,java,fortran,ada --enable-java-awt=gtk --disable-dssi --with-java-home=/usr/lib/jvm/java-1.5.0-gcj-1.5.0.0/jre --enable-libgcj-multifile --enable-java-maintainer-mode --with-ecj-jar=/usr/share/java/eclipse-ecj.jar --disable-libjava-multilib --with-ppl --with-cloog --with-tune=generic --with-arch_32=i686 --build=x86_64-redhat-linux
Thread model: posix
gcc version 4.4.7 20120313 (Red Hat 4.4.7-18) (GCC) 
configure:4003: $? = 0
configure:3992: gcc -V >&5
gcc: '-V' option must have argument
configure:4003: $? = 1
configure:3992: gcc -qversion >&5
gcc: unrecognized option '-qversion'
gcc: no input files
configure:4003: $? = 1
configure:4007: checking whether we are using the GNU C compiler
configure:4035: result: yes
configure:4044: checking whether gcc accepts -g
configure:4105: result: yes
configure:4122: checking for gcc option to accept ISO C89
configure:4198: result: none needed
configure:4233: checking for gfortran
configure:4249: found /usr/bin/gfortran
configure:4260: result: gfortran
configure:4305: checking for ar
configure:4321: found /usr/bin/ar
configure:4333: result: ar
configure:4390: checking for ranlib
configure:4406: found /usr/bin/ranlib
configure:4417: result: ranlib
configure:4443: checking for stdlib.h
configure:4443: result: yes
configure:4443: checking for string.h
configure:4443: result: yes
configure:4443: checking math.h usability
configure:4443: gcc -c -g -O2  conftest.c >&5
configure:4443: $? = 0
configure:4443: result: yes
configure:4443: checking math.h presence
configure:4443: gcc -E  conftest.c
configure:4443: $? = 0
configure:4443: result: yes
configure:4443: checking for math.h
configure:4443: result: yes
configure:4443: checking limits.h usability
configure:4443: gcc -c -g -O2  conftest.c >&5
configure:4443: $? = 0
configure:4443: result: yes
configure:4443: checking limits.h presence
configure:4443: gcc -E  conftest.c
configure:4443: $? = 0
configure:4443: result: yes
configure:4443: checking for limits.h
configure:4443: result: yes
configure:4466: gcc -c -g -O2  conftest.c >&5
configure:4466: $? = 0
configure:4795: checking for curl-config
configure:4816: found /home/morrison/anaconda3/bin/curl-config
configure:4839: result: curl-config
configure:4890: checking whether ftruncate works
configure:4906: gcc -o conftest -I/home/morrison/anaconda3/include -g -O2 -Dg77Fortran -fPIC  -g -O2 conftest.c -L/home/morrison/anaconda3/lib -lcurl  >&5
/usr/bin/ld: warning: libssl.so.1.0.0, needed by /home/morrison/anaconda3/lib/libcurl.so, not found (try using -rpath or -rpath-link)
/usr/bin/ld: warning: libcrypto.so.1.0.0, needed by /home/morrison/anaconda3/lib/libcurl.so, not found (try using -rpath or -rpath-link)
/home/morrison/anaconda3/lib/libcurl.so: undefined reference to `SSL_connect'
/home/morrison/anaconda3/lib/libcurl.so: undefined reference to `X509_check_issued'
/home/morrison/anaconda3/lib/libcurl.so: undefined reference to `SSL_CTX_set_srp_password'
/home/morrison/anaconda3/lib/libcurl.so: undefined reference to `SSL_set_bio'
/home/morrison/anaconda3/lib/libcurl.so: undefined reference to `BIO_free'
/home/morrison/anaconda3/lib/libcurl.so: undefined reference to `BIO_s_mem'
/home/morrison/anaconda3/lib/libcurl.so: undefined reference to `UI_method_get_reader'
/home/morrison/anaconda3/lib/libcurl.so: undefined reference to `UI_get_string_type'
/home/morrison/anaconda3/lib/libcurl.so: undefined reference to `sk_pop_free'
/home/morrison/anaconda3/lib/libcurl.so: undefined reference to `BIO_ctrl'
/home/morrison/anaconda3/lib/libcurl.so: undefined reference to `DES_set_odd_parity'
/home/morrison/anaconda3/lib/libcurl.so: undefined reference to `UI_get0_user_data'
/home/morrison/anaconda3/lib/libcurl.so: undefined reference to `BN_num_bits'
/home/morrison/anaconda3/lib/libcurl.so: undefined reference to `ENGINE_get_next'
/home/morrison/anaconda3/lib/libcurl.so: undefined reference to `PEM_read_X509'
/home/morrison/anaconda3/lib/libcurl.so: undefined reference to `MD4_Update'
/home/morrison/anaconda3/lib/libcurl.so: undefined reference to `ASN1_STRING_to_UTF8'
/home/morrison/anaconda3/lib/libcurl.so: undefined reference to `GENERAL_NAMES_free'
/home/morrison/anaconda3/lib/libcurl.so: undefined reference to `PKCS12_free'
/home/morrison/anaconda3/lib/libcurl.so: undefined reference to `SSL_get1_session'
/home/morrison/anaconda3/lib/libcurl.so: undefined reference to `SSL_set_session'
/home/morrison/anaconda3/lib/libcurl.so: undefined reference to `ASN1_STRING_length'
/home/morrison/anaconda3/lib/libcurl.so: undefined reference to `ENGINE_get_first'
/home/morrison/anaconda3/lib/libcurl.so: undefined reference to `UI_OpenSSL'
/home/morrison/anaconda3/lib/libcurl.so: undefined reference to `UI_method_get_closer'
/home/morrison/anaconda3/lib/libcurl.so: undefined reference to `OPENSSL_add_all_algorithms_noconf'
/home/morrison/anaconda3/lib/libcurl.so: undefined reference to `OPENSSL_load_builtin_modules'
/home/morrison/anaconda3/lib/libcurl.so: undefined reference to `X509_NAME_get_index_by_NID'
/home/morrison/anaconda3/lib/libcurl.so: undefined reference to `SSL_CTX_set_verify'
/home/morrison/anaconda3/lib/libcurl.so: undefined reference to `UI_method_set_writer'
/home/morrison/anaconda3/lib/libcurl.so: undefined reference to `SSL_SESSION_free'
/home/morrison/anaconda3/lib/libcurl.so: undefined reference to `RAND_load_file'
/home/morrison/anaconda3/lib/libcurl.so: undefined reference to `MD5_Init'
/home/morrison/anaconda3/lib/libcurl.so: undefined reference to `sk_value'
/home/morrison/anaconda3/lib/libcurl.so: undefined reference to `SSL_ctrl'
/home/morrison/anaconda3/lib/libcurl.so: undefined reference to `SSL_load_error_strings'
/home/morrison/anaconda3/lib/libcurl.so: undefined reference to `UI_method_get_opener'
/home/morrison/anaconda3/lib/libcurl.so: undefined reference to `MD5_Final'
/home/morrison/anaconda3/lib/libcurl.so: undefined reference to `UI_method_set_closer'
/home/morrison/anaconda3/lib/libcurl.so: undefined reference to `CRYPTO_malloc'
/home/morrison/anaconda3/lib/libcurl.so: undefined reference to `X509_STORE_set_flags'
/home/morrison/anaconda3/lib/libcurl.so: undefined reference to `SSLv2_client_method'
/home/morrison/anaconda3/lib/libcurl.so: undefined reference to `PKCS12_PBE_add'
/home/morrison/anaconda3/lib/libcurl.so: undefined reference to `SSL_CTX_check_private_key'
/home/morrison/anaconda3/lib/libcurl.so: undefined reference to `SSL_CTX_use_certificate_chain_file'
/home/morrison/anaconda3/lib/libcurl.so: undefined reference to `OCSP_BASICRESP_free'
/home/morrison/anaconda3/lib/libcurl.so: undefined reference to `SSL_get_peer_certificate'
/home/morrison/anaconda3/lib/libcurl.so: undefined reference to `BIO_new'
/home/morrison/anaconda3/lib/libcurl.so: undefined reference to `BIO_f_ssl'
/home/morrison/anaconda3/lib/libcurl.so: undefined reference to `X509_get_subject_name'
/home/morrison/anaconda3/lib/libcurl.so: undefined reference to `SSL_free'
/home/morrison/anaconda3/lib/libcurl.so: undefined reference to `OCSP_RESPONSE_free'
/home/morrison/anaconda3/lib/libcurl.so: undefined reference to `ERR_clear_error'
/home/morrison/anaconda3/lib/libcurl.so: undefined reference to `X509_NAME_get_entry'
/home/morrison/anaconda3/lib/libcurl.so: undefined reference to `d2i_PKCS12_fp'
/home/morrison/anaconda3/lib/libcurl.so: undefined reference to `SHA256_Init'
/home/morrison/anaconda3/lib/libcurl.so: undefined reference to `CONF_modules_free'
/home/morrison/anaconda3/lib/libcurl.so: undefined reference to `OCSP_basic_verify'
/home/morrison/anaconda3/lib/libcurl.so: undefined reference to `ENGINE_cleanup'
/home/morrison/anaconda3/lib/libcurl.so: undefined reference to `BIO_puts'
/home/morrison/anaconda3/lib/libcurl.so: undefined reference to `i2t_ASN1_OBJECT'
/home/morrison/anaconda3/lib/libcurl.so: undefined reference to `SSL_CTX_set_alpn_protos'
/home/morrison/anaconda3/lib/libcurl.so: undefined reference to `SSL_CTX_add_client_CA'
/home/morrison/anaconda3/lib/libcurl.so: undefined reference to `SSL_get_certificate'
/home/morrison/anaconda3/lib/libcurl.so: undefined reference to `RAND_egd'
/home/morrison/anaconda3/lib/libcurl.so: undefined reference to `SSL_CTX_set_default_passwd_cb_userdata'
/home/morrison/anaconda3/lib/libcurl.so: undefined reference to `CRYPTO_free'
/home/morrison/anaconda3/lib/libcurl.so: undefined reference to `SSLv3_client_method'
/home/morrison/anaconda3/lib/libcurl.so: undefined reference to `X509_get_ext_d2i'
/home/morrison/anaconda3/lib/libcurl.so: undefined reference to `ERR_free_strings'
/home/morrison/anaconda3/lib/libcurl.so: undefined reference to `d2i_OCSP_RESPONSE'
/home/morrison/anaconda3/lib/libcurl.so: undefined reference to `SSL_set_connect_state'
/home/morrison/anaconda3/lib/libcurl.so: undefined reference to `SSL_CTX_new'
/home/morrison/anaconda3/lib/libcurl.so: undefined reference to `OCSP_response_status'
/home/morrison/anaconda3/lib/libcurl.so: undefined reference to `SSL_get_verify_result'
/home/morrison/anaconda3/lib/libcurl.so: undefined reference to `OCSP_response_status_str'
/home/morrison/anaconda3/lib/libcurl.so: undefined reference to `X509_load_crl_file'
/home/morrison/anaconda3/lib/libcurl.so: undefined reference to `UI_create_method'
/home/morrison/anaconda3/lib/libcurl.so: undefined reference to `SSL_read'
/home/morrison/anaconda3/lib/libcurl.so: undefined reference to `RAND_bytes'
/home/morrison/anaconda3/lib/libcurl.so: undefined reference to `SSL_set_fd'
/home/morrison/anaconda3/lib/libcurl.so: undefined reference to `EVP_cleanup'
/home/morrison/anaconda3/lib/libcurl.so: undefined reference to `SSL_CTX_use_PrivateKey'
/home/morrison/anaconda3/lib/libcurl.so: undefined reference to `X509_NAME_print_ex'
/home/morrison/anaconda3/lib/libcurl.so: undefined reference to `SSL_pending'
/home/morrison/anaconda3/lib/libcurl.so: undefined reference to `X509_verify_cert_error_string'
/home/morrison/anaconda3/lib/libcurl.so: undefined reference to `SSL_get_current_cipher'
/home/morrison/anaconda3/lib/libcurl.so: undefined reference to `UI_destroy_method'
/home/morrison/anaconda3/lib/libcurl.so: undefined reference to `ENGINE_load_private_key'
/home/morrison/anaconda3/lib/libcurl.so: undefined reference to `X509_LOOKUP_file'
/home/morrison/anaconda3/lib/libcurl.so: undefined reference to `OCSP_crl_reason_str'
/home/morrison/anaconda3/lib/libcurl.so: undefined reference to `ENGINE_finish'
/home/morrison/anaconda3/lib/libcurl.so: undefined reference to `RAND_add'
/home/morrison/anaconda3/lib/libcurl.so: undefined reference to `SSL_CTX_load_verify_locations'
/home/morrison/anaconda3/lib/libcurl.so: undefined reference to `SSL_CIPHER_get_name'
/home/morrison/anaconda3/lib/libcurl.so: undefined reference to `ASN1_STRING_type'
/home/morrison/anaconda3/lib/libcurl.so: undefined reference to `ENGINE_get_id'
/home/morrison/anaconda3/lib/libcurl.so: undefined reference to `ERR_get_error'
/home/morrison/anaconda3/lib/libcurl.so: undefined reference to `i2a_ASN1_OBJECT'
/home/morrison/anaconda3/lib/libcurl.so: undefined reference to `SSLv23_client_method'
/home/morrison/anaconda3/lib/libcurl.so: undefined reference to `ASN1_INTEGER_get'
/home/morrison/anaconda3/lib/libcurl.so: undefined reference to `sk_num'
/home/morrison/anaconda3/lib/libcurl.so: undefined reference to `OCSP_cert_status_str'
/home/morrison/anaconda3/lib/libcurl.so: undefined reference to `ASN1_STRING_data'
/home/morrison/anaconda3/lib/libcurl.so: undefined reference to `EVP_PKEY_free'
/home/morrison/anaconda3/lib/libcurl.so: undefined reference to `SSL_get_privatekey'
/home/morrison/anaconda3/lib/libcurl.so: undefined reference to `ERR_error_string'
/home/morrison/anaconda3/lib/libcurl.so: undefined reference to `RAND_file_name'
/home/morrison/anaconda3/lib/libcurl.so: undefined reference to `ENGINE_ctrl_cmd'
/home/morrison/anaconda3/lib/libcurl.so: undefined reference to `ERR_peek_error'
/home/morrison/anaconda3/lib/libcurl.so: undefined reference to `SSL_CTX_use_PrivateKey_file'
/home/morrison/anaconda3/lib/libcurl.so: undefined reference to `SHA256_Update'
/home/morrison/anaconda3/lib/libcurl.so: undefined reference to `SSL_library_init'
/home/morrison/anaconda3/lib/libcurl.so: undefined reference to `OCSP_check_validity'
/home/morrison/anaconda3/lib/libcurl.so: undefined reference to `UI_method_set_opener'
/home/morrison/anaconda3/lib/libcurl.so: undefined reference to `SSL_CTX_set_default_passwd_cb'
/home/morrison/anaconda3/lib/libcurl.so: undefined reference to `SSL_CTX_use_certificate_file'
/home/morrison/anaconda3/lib/libcurl.so: undefined reference to `X509V3_EXT_print'
/home/morrison/anaconda3/lib/libcurl.so: undefined reference to `MD5_Update'
/home/morrison/anaconda3/lib/libcurl.so: undefined reference to `SHA256_Final'
/home/morrison/anaconda3/lib/libcurl.so: undefined reference to `UI_method_get_writer'
/home/morrison/anaconda3/lib/libcurl.so: undefined reference to `X509_get_pubkey'
/home/morrison/anaconda3/lib/libcurl.so: undefined reference to `SSL_CTX_set_cipher_list'
/home/morrison/anaconda3/lib/libcurl.so: undefined reference to `BIO_printf'
/home/morrison/anaconda3/lib/libcurl.so: undefined reference to `SSL_new'
/home/morrison/anaconda3/lib/libcurl.so: undefined reference to `SSL_CTX_use_certificate'
/home/morrison/anaconda3/lib/libcurl.so: undefined reference to `X509_get_serialNumber'
/home/morrison/anaconda3/lib/libcurl.so: undefined reference to `UI_get_input_flags'
/home/morrison/anaconda3/lib/libcurl.so: undefined reference to `SSL_write'
/home/morrison/anaconda3/lib/libcurl.so: undefined reference to `OCSP_resp_get0'
/home/morrison/anaconda3/lib/libcurl.so: undefined reference to `SSL_CTX_get_cert_store'
/home/morrison/anaconda3/lib/libcurl.so: undefined reference to `i2d_X509_PUBKEY'
/home/morrison/anaconda3/lib/libcurl.so: undefined reference to `OCSP_response_get1_basic'
/home/morrison/anaconda3/lib/libcurl.so: undefined reference to `SSL_CTX_set_msg_callback'
/home/morrison/anaconda3/lib/libcurl.so: undefined reference to `X509_free'
/home/morrison/anaconda3/lib/libcurl.so: undefined reference to `sk_pop'
/home/morrison/anaconda3/lib/libcurl.so: undefined reference to `ERR_error_string_n'
/home/morrison/anaconda3/lib/libcurl.so: undefined reference to `DES_set_key'
/home/morrison/anaconda3/lib/libcurl.so: undefined reference to `SSL_shutdown'
/home/morrison/anaconda3/lib/libcurl.so: undefined reference to `SSL_CTX_set_srp_username'
/home/morrison/anaconda3/lib/libcurl.so: undefined reference to `ASN1_TIME_print'
/home/morrison/anaconda3/lib/libcurl.so: undefined reference to `SSL_version'
/home/morrison/anaconda3/lib/libcurl.so: undefined reference to `DES_ecb_encrypt'
/home/morrison/anaconda3/lib/libcurl.so: undefined reference to `SSL_get_shutdown'
/home/morrison/anaconda3/lib/libcurl.so: undefined reference to `ENGINE_set_default'
/home/morrison/anaconda3/lib/libcurl.so: undefined reference to `SSL_CTX_set_next_proto_select_cb'
/home/morrison/anaconda3/lib/libcurl.so: undefined reference to `SSL_COMP_free_compression_methods'
/home/morrison/anaconda3/lib/libcurl.so: undefined reference to `X509_STORE_add_lookup'
/home/morrison/anaconda3/lib/libcurl.so: undefined reference to `X509_get_issuer_name'
/home/morrison/anaconda3/lib/libcurl.so: undefined reference to `OCSP_single_get0_status'
/home/morrison/anaconda3/lib/libcurl.so: undefined reference to `X509_EXTENSION_get_object'
/home/morrison/anaconda3/lib/libcurl.so: undefined reference to `RAND_status'
/home/morrison/anaconda3/lib/libcurl.so: undefined reference to `EVP_PKEY_copy_parameters'
/home/morrison/anaconda3/lib/libcurl.so: undefined reference to `X509_EXTENSION_get_data'
/home/morrison/anaconda3/lib/libcurl.so: undefined reference to `ENGINE_free'
/home/morrison/anaconda3/lib/libcurl.so: undefined reference to `ENGINE_load_builtin_engines'
/home/morrison/anaconda3/lib/libcurl.so: undefined reference to `MD4_Final'
/home/morrison/anaconda3/lib/libcurl.so: undefined reference to `SSL_get0_alpn_selected'
/home/morrison/anaconda3/lib/libcurl.so: undefined reference to `SSL_CTX_ctrl'
/home/morrison/anaconda3/lib/libcurl.so: undefined reference to `BN_print'
/home/morrison/anaconda3/lib/libcurl.so: undefined reference to `UI_method_set_reader'
/home/morrison/anaconda3/lib/libcurl.so: undefined reference to `MD4_Init'
/home/morrison/anaconda3/lib/libcurl.so: undefined reference to `CONF_modules_load_file'
/home/morrison/anaconda3/lib/libcurl.so: undefined reference to `ENGINE_ctrl'
/home/morrison/anaconda3/lib/libcurl.so: undefined reference to `ERR_remove_thread_state'
/home/morrison/anaconda3/lib/libcurl.so: undefined reference to `X509_NAME_ENTRY_get_data'
/home/morrison/anaconda3/lib/libcurl.so: undefined reference to `SSL_get_error'
/home/morrison/anaconda3/lib/libcurl.so: undefined reference to `PEM_write_bio_X509'
/home/morrison/anaconda3/lib/libcurl.so: undefined reference to `ENGINE_by_id'
/home/morrison/anaconda3/lib/libcurl.so: undefined reference to `SSL_CTX_free'
/home/morrison/anaconda3/lib/libcurl.so: undefined reference to `OCSP_resp_count'
/home/morrison/anaconda3/lib/libcurl.so: undefined reference to `ENGINE_init'
/home/morrison/anaconda3/lib/libcurl.so: undefined reference to `PKCS12_parse'
/home/morrison/anaconda3/lib/libcurl.so: undefined reference to `SSLeay'
/home/morrison/anaconda3/lib/libcurl.so: undefined reference to `ASN1_STRING_print'
/home/morrison/anaconda3/lib/libcurl.so: undefined reference to `SSL_get_peer_cert_chain'
/home/morrison/anaconda3/lib/libcurl.so: undefined reference to `UI_set_result'
collect2: ld returned 1 exit status
configure:4906: $? = 1
configure: failed program was:
| /* confdefs.h */
| #define PACKAGE_NAME ""
| #define PACKAGE_TARNAME ""
| #define PACKAGE_VERSION ""
| #define PACKAGE_STRING ""
| #define PACKAGE_BUGREPORT ""
| #define PACKAGE_URL ""
| #define STDC_HEADERS 1
| #define HAVE_SYS_TYPES_H 1
| #define HAVE_SYS_STAT_H 1
| #define HAVE_STDLIB_H 1
| #define HAVE_STRING_H 1
| #define HAVE_MEMORY_H 1
| #define HAVE_STRINGS_H 1
| #define HAVE_INTTYPES_H 1
| #define HAVE_STDINT_H 1
| #define HAVE_UNISTD_H 1
| #define HAVE_STDLIB_H 1
| #define HAVE_STRING_H 1
| #define HAVE_MATH_H 1
| #define HAVE_LIMITS_H 1
| #define _LARGEFILE_SOURCE 1
| #define _FILE_OFFSET_BITS 64
| #define CFITSIO_HAVE_CURL 1
| /* end confdefs.h.  */
| #include <unistd.h>
| 
| int
| main ()
| {
| 
| ftruncate(0, 0);
| 
|   ;
|   return 0;
| }
configure:4914: result: no
configure:4924: checking whether long long is defined
configure:4940: gcc -c -I/home/morrison/anaconda3/include -g -O2 -Dg77Fortran -fPIC  conftest.c >&5
configure:4940: $? = 0
configure:4944: result: yes
configure:4965: checking whether system V style IPC services are supported
configure:4986: gcc -o conftest -I/home/morrison/anaconda3/include -g -O2 -Dg77Fortran -fPIC  -g -O2 conftest.c -L/home/morrison/anaconda3/lib -lcurl  >&5
/usr/bin/ld: warning: libssl.so.1.0.0, needed by /home/morrison/anaconda3/lib/libcurl.so, not found (try using -rpath or -rpath-link)
/usr/bin/ld: warning: libcrypto.so.1.0.0, needed by /home/morrison/anaconda3/lib/libcurl.so, not found (try using -rpath or -rpath-link)
/home/morrison/anaconda3/lib/libcurl.so: undefined reference to `SSL_connect'
/home/morrison/anaconda3/lib/libcurl.so: undefined reference to `X509_check_issued'
/home/morrison/anaconda3/lib/libcurl.so: undefined reference to `SSL_CTX_set_srp_password'
/home/morrison/anaconda3/lib/libcurl.so: undefined reference to `SSL_set_bio'
/home/morrison/anaconda3/lib/libcurl.so: undefined reference to `BIO_free'
/home/morrison/anaconda3/lib/libcurl.so: undefined reference to `BIO_s_mem'
/home/morrison/anaconda3/lib/libcurl.so: undefined reference to `UI_method_get_reader'
/home/morrison/anaconda3/lib/libcurl.so: undefined reference to `UI_get_string_type'
/home/morrison/anaconda3/lib/libcurl.so: undefined reference to `sk_pop_free'
/home/morrison/anaconda3/lib/libcurl.so: undefined reference to `BIO_ctrl'
/home/morrison/anaconda3/lib/libcurl.so: undefined reference to `DES_set_odd_parity'
/home/morrison/anaconda3/lib/libcurl.so: undefined reference to `UI_get0_user_data'
/home/morrison/anaconda3/lib/libcurl.so: undefined reference to `BN_num_bits'
/home/morrison/anaconda3/lib/libcurl.so: undefined reference to `ENGINE_get_next'
/home/morrison/anaconda3/lib/libcurl.so: undefined reference to `PEM_read_X509'
/home/morrison/anaconda3/lib/libcurl.so: undefined reference to `MD4_Update'
/home/morrison/anaconda3/lib/libcurl.so: undefined reference to `ASN1_STRING_to_UTF8'
/home/morrison/anaconda3/lib/libcurl.so: undefined reference to `GENERAL_NAMES_free'
/home/morrison/anaconda3/lib/libcurl.so: undefined reference to `PKCS12_free'
/home/morrison/anaconda3/lib/libcurl.so: undefined reference to `SSL_get1_session'
/home/morrison/anaconda3/lib/libcurl.so: undefined reference to `SSL_set_session'
/home/morrison/anaconda3/lib/libcurl.so: undefined reference to `ASN1_STRING_length'
/home/morrison/anaconda3/lib/libcurl.so: undefined reference to `ENGINE_get_first'
/home/morrison/anaconda3/lib/libcurl.so: undefined reference to `UI_OpenSSL'
/home/morrison/anaconda3/lib/libcurl.so: undefined reference to `UI_method_get_closer'
/home/morrison/anaconda3/lib/libcurl.so: undefined reference to `OPENSSL_add_all_algorithms_noconf'
/home/morrison/anaconda3/lib/libcurl.so: undefined reference to `OPENSSL_load_builtin_modules'
/home/morrison/anaconda3/lib/libcurl.so: undefined reference to `X509_NAME_get_index_by_NID'
/home/morrison/anaconda3/lib/libcurl.so: undefined reference to `SSL_CTX_set_verify'
/home/morrison/anaconda3/lib/libcurl.so: undefined reference to `UI_method_set_writer'
/home/morrison/anaconda3/lib/libcurl.so: undefined reference to `SSL_SESSION_free'
/home/morrison/anaconda3/lib/libcurl.so: undefined reference to `RAND_load_file'
/home/morrison/anaconda3/lib/libcurl.so: undefined reference to `MD5_Init'
/home/morrison/anaconda3/lib/libcurl.so: undefined reference to `sk_value'
/home/morrison/anaconda3/lib/libcurl.so: undefined reference to `SSL_ctrl'
/home/morrison/anaconda3/lib/libcurl.so: undefined reference to `SSL_load_error_strings'
/home/morrison/anaconda3/lib/libcurl.so: undefined reference to `UI_method_get_opener'
/home/morrison/anaconda3/lib/libcurl.so: undefined reference to `MD5_Final'
/home/morrison/anaconda3/lib/libcurl.so: undefined reference to `UI_method_set_closer'
/home/morrison/anaconda3/lib/libcurl.so: undefined reference to `CRYPTO_malloc'
/home/morrison/anaconda3/lib/libcurl.so: undefined reference to `X509_STORE_set_flags'
/home/morrison/anaconda3/lib/libcurl.so: undefined reference to `SSLv2_client_method'
/home/morrison/anaconda3/lib/libcurl.so: undefined reference to `PKCS12_PBE_add'
/home/morrison/anaconda3/lib/libcurl.so: undefined reference to `SSL_CTX_check_private_key'
/home/morrison/anaconda3/lib/libcurl.so: undefined reference to `SSL_CTX_use_certificate_chain_file'
/home/morrison/anaconda3/lib/libcurl.so: undefined reference to `OCSP_BASICRESP_free'
/home/morrison/anaconda3/lib/libcurl.so: undefined reference to `SSL_get_peer_certificate'
/home/morrison/anaconda3/lib/libcurl.so: undefined reference to `BIO_new'
/home/morrison/anaconda3/lib/libcurl.so: undefined reference to `BIO_f_ssl'
/home/morrison/anaconda3/lib/libcurl.so: undefined reference to `X509_get_subject_name'
/home/morrison/anaconda3/lib/libcurl.so: undefined reference to `SSL_free'
/home/morrison/anaconda3/lib/libcurl.so: undefined reference to `OCSP_RESPONSE_free'
/home/morrison/anaconda3/lib/libcurl.so: undefined reference to `ERR_clear_error'
/home/morrison/anaconda3/lib/libcurl.so: undefined reference to `X509_NAME_get_entry'
/home/morrison/anaconda3/lib/libcurl.so: undefined reference to `d2i_PKCS12_fp'
/home/morrison/anaconda3/lib/libcurl.so: undefined reference to `SHA256_Init'
/home/morrison/anaconda3/lib/libcurl.so: undefined reference to `CONF_modules_free'
/home/morrison/anaconda3/lib/libcurl.so: undefined reference to `OCSP_basic_verify'
/home/morrison/anaconda3/lib/libcurl.so: undefined reference to `ENGINE_cleanup'
/home/morrison/anaconda3/lib/libcurl.so: undefined reference to `BIO_puts'
/home/morrison/anaconda3/lib/libcurl.so: undefined reference to `i2t_ASN1_OBJECT'
/home/morrison/anaconda3/lib/libcurl.so: undefined reference to `SSL_CTX_set_alpn_protos'
/home/morrison/anaconda3/lib/libcurl.so: undefined reference to `SSL_CTX_add_client_CA'
/home/morrison/anaconda3/lib/libcurl.so: undefined reference to `SSL_get_certificate'
/home/morrison/anaconda3/lib/libcurl.so: undefined reference to `RAND_egd'
/home/morrison/anaconda3/lib/libcurl.so: undefined reference to `SSL_CTX_set_default_passwd_cb_userdata'
/home/morrison/anaconda3/lib/libcurl.so: undefined reference to `CRYPTO_free'
/home/morrison/anaconda3/lib/libcurl.so: undefined reference to `SSLv3_client_method'
/home/morrison/anaconda3/lib/libcurl.so: undefined reference to `X509_get_ext_d2i'
/home/morrison/anaconda3/lib/libcurl.so: undefined reference to `ERR_free_strings'
/home/morrison/anaconda3/lib/libcurl.so: undefined reference to `d2i_OCSP_RESPONSE'
/home/morrison/anaconda3/lib/libcurl.so: undefined reference to `SSL_set_connect_state'
/home/morrison/anaconda3/lib/libcurl.so: undefined reference to `SSL_CTX_new'
/home/morrison/anaconda3/lib/libcurl.so: undefined reference to `OCSP_response_status'
/home/morrison/anaconda3/lib/libcurl.so: undefined reference to `SSL_get_verify_result'
/home/morrison/anaconda3/lib/libcurl.so: undefined reference to `OCSP_response_status_str'
/home/morrison/anaconda3/lib/libcurl.so: undefined reference to `X509_load_crl_file'
/home/morrison/anaconda3/lib/libcurl.so: undefined reference to `UI_create_method'
/home/morrison/anaconda3/lib/libcurl.so: undefined reference to `SSL_read'
/home/morrison/anaconda3/lib/libcurl.so: undefined reference to `RAND_bytes'
/home/morrison/anaconda3/lib/libcurl.so: undefined reference to `SSL_set_fd'
/home/morrison/anaconda3/lib/libcurl.so: undefined reference to `EVP_cleanup'
/home/morrison/anaconda3/lib/libcurl.so: undefined reference to `SSL_CTX_use_PrivateKey'
/home/morrison/anaconda3/lib/libcurl.so: undefined reference to `X509_NAME_print_ex'
/home/morrison/anaconda3/lib/libcurl.so: undefined reference to `SSL_pending'
/home/morrison/anaconda3/lib/libcurl.so: undefined reference to `X509_verify_cert_error_string'
/home/morrison/anaconda3/lib/libcurl.so: undefined reference to `SSL_get_current_cipher'
/home/morrison/anaconda3/lib/libcurl.so: undefined reference to `UI_destroy_method'
/home/morrison/anaconda3/lib/libcurl.so: undefined reference to `ENGINE_load_private_key'
/home/morrison/anaconda3/lib/libcurl.so: undefined reference to `X509_LOOKUP_file'
/home/morrison/anaconda3/lib/libcurl.so: undefined reference to `OCSP_crl_reason_str'
/home/morrison/anaconda3/lib/libcurl.so: undefined reference to `ENGINE_finish'
/home/morrison/anaconda3/lib/libcurl.so: undefined reference to `RAND_add'
/home/morrison/anaconda3/lib/libcurl.so: undefined reference to `SSL_CTX_load_verify_locations'
/home/morrison/anaconda3/lib/libcurl.so: undefined reference to `SSL_CIPHER_get_name'
/home/morrison/anaconda3/lib/libcurl.so: undefined reference to `ASN1_STRING_type'
/home/morrison/anaconda3/lib/libcurl.so: undefined reference to `ENGINE_get_id'
/home/morrison/anaconda3/lib/libcurl.so: undefined reference to `ERR_get_error'
/home/morrison/anaconda3/lib/libcurl.so: undefined reference to `i2a_ASN1_OBJECT'
/home/morrison/anaconda3/lib/libcurl.so: undefined reference to `SSLv23_client_method'
/home/morrison/anaconda3/lib/libcurl.so: undefined reference to `ASN1_INTEGER_get'
/home/morrison/anaconda3/lib/libcurl.so: undefined reference to `sk_num'
/home/morrison/anaconda3/lib/libcurl.so: undefined reference to `OCSP_cert_status_str'
/home/morrison/anaconda3/lib/libcurl.so: undefined reference to `ASN1_STRING_data'
/home/morrison/anaconda3/lib/libcurl.so: undefined reference to `EVP_PKEY_free'
/home/morrison/anaconda3/lib/libcurl.so: undefined reference to `SSL_get_privatekey'
/home/morrison/anaconda3/lib/libcurl.so: undefined reference to `ERR_error_string'
/home/morrison/anaconda3/lib/libcurl.so: undefined reference to `RAND_file_name'
/home/morrison/anaconda3/lib/libcurl.so: undefined reference to `ENGINE_ctrl_cmd'
/home/morrison/anaconda3/lib/libcurl.so: undefined reference to `ERR_peek_error'
/home/morrison/anaconda3/lib/libcurl.so: undefined reference to `SSL_CTX_use_PrivateKey_file'
/home/morrison/anaconda3/lib/libcurl.so: undefined reference to `SHA256_Update'
/home/morrison/anaconda3/lib/libcurl.so: undefined reference to `SSL_library_init'
/home/morrison/anaconda3/lib/libcurl.so: undefined reference to `OCSP_check_validity'
/home/morrison/anaconda3/lib/libcurl.so: undefined reference to `UI_method_set_opener'
/home/morrison/anaconda3/lib/libcurl.so: undefined reference to `SSL_CTX_set_default_passwd_cb'
/home/morrison/anaconda3/lib/libcurl.so: undefined reference to `SSL_CTX_use_certificate_file'
/home/morrison/anaconda3/lib/libcurl.so: undefined reference to `X509V3_EXT_print'
/home/morrison/anaconda3/lib/libcurl.so: undefined reference to `MD5_Update'
/home/morrison/anaconda3/lib/libcurl.so: undefined reference to `SHA256_Final'
/home/morrison/anaconda3/lib/libcurl.so: undefined reference to `UI_method_get_writer'
/home/morrison/anaconda3/lib/libcurl.so: undefined reference to `X509_get_pubkey'
/home/morrison/anaconda3/lib/libcurl.so: undefined reference to `SSL_CTX_set_cipher_list'
/home/morrison/anaconda3/lib/libcurl.so: undefined reference to `BIO_printf'
/home/morrison/anaconda3/lib/libcurl.so: undefined reference to `SSL_new'
/home/morrison/anaconda3/lib/libcurl.so: undefined reference to `SSL_CTX_use_certificate'
/home/morrison/anaconda3/lib/libcurl.so: undefined reference to `X509_get_serialNumber'
/home/morrison/anaconda3/lib/libcurl.so: undefined reference to `UI_get_input_flags'
/home/morrison/anaconda3/lib/libcurl.so: undefined reference to `SSL_write'
/home/morrison/anaconda3/lib/libcurl.so: undefined reference to `OCSP_resp_get0'
/home/morrison/anaconda3/lib/libcurl.so: undefined reference to `SSL_CTX_get_cert_store'
/home/morrison/anaconda3/lib/libcurl.so: undefined reference to `i2d_X509_PUBKEY'
/home/morrison/anaconda3/lib/libcurl.so: undefined reference to `OCSP_response_get1_basic'
/home/morrison/anaconda3/lib/libcurl.so: undefined reference to `SSL_CTX_set_msg_callback'
/home/morrison/anaconda3/lib/libcurl.so: undefined reference to `X509_free'
/home/morrison/anaconda3/lib/libcurl.so: undefined reference to `sk_pop'
/home/morrison/anaconda3/lib/libcurl.so: undefined reference to `ERR_error_string_n'
/home/morrison/anaconda3/lib/libcurl.so: undefined reference to `DES_set_key'
/home/morrison/anaconda3/lib/libcurl.so: undefined reference to `SSL_shutdown'
/home/morrison/anaconda3/lib/libcurl.so: undefined reference to `SSL_CTX_set_srp_username'
/home/morrison/anaconda3/lib/libcurl.so: undefined reference to `ASN1_TIME_print'
/home/morrison/anaconda3/lib/libcurl.so: undefined reference to `SSL_version'
/home/morrison/anaconda3/lib/libcurl.so: undefined reference to `DES_ecb_encrypt'
/home/morrison/anaconda3/lib/libcurl.so: undefined reference to `SSL_get_shutdown'
/home/morrison/anaconda3/lib/libcurl.so: undefined reference to `ENGINE_set_default'
/home/morrison/anaconda3/lib/libcurl.so: undefined reference to `SSL_CTX_set_next_proto_select_cb'
/home/morrison/anaconda3/lib/libcurl.so: undefined reference to `SSL_COMP_free_compression_methods'
/home/morrison/anaconda3/lib/libcurl.so: undefined reference to `X509_STORE_add_lookup'
/home/morrison/anaconda3/lib/libcurl.so: undefined reference to `X509_get_issuer_name'
/home/morrison/anaconda3/lib/libcurl.so: undefined reference to `OCSP_single_get0_status'
/home/morrison/anaconda3/lib/libcurl.so: undefined reference to `X509_EXTENSION_get_object'
/home/morrison/anaconda3/lib/libcurl.so: undefined reference to `RAND_status'
/home/morrison/anaconda3/lib/libcurl.so: undefined reference to `EVP_PKEY_copy_parameters'
/home/morrison/anaconda3/lib/libcurl.so: undefined reference to `X509_EXTENSION_get_data'
/home/morrison/anaconda3/lib/libcurl.so: undefined reference to `ENGINE_free'
/home/morrison/anaconda3/lib/libcurl.so: undefined reference to `ENGINE_load_builtin_engines'
/home/morrison/anaconda3/lib/libcurl.so: undefined reference to `MD4_Final'
/home/morrison/anaconda3/lib/libcurl.so: undefined reference to `SSL_get0_alpn_selected'
/home/morrison/anaconda3/lib/libcurl.so: undefined reference to `SSL_CTX_ctrl'
/home/morrison/anaconda3/lib/libcurl.so: undefined reference to `BN_print'
/home/morrison/anaconda3/lib/libcurl.so: undefined reference to `UI_method_set_reader'
/home/morrison/anaconda3/lib/libcurl.so: undefined reference to `MD4_Init'
/home/morrison/anaconda3/lib/libcurl.so: undefined reference to `CONF_modules_load_file'
/home/morrison/anaconda3/lib/libcurl.so: undefined reference to `ENGINE_ctrl'
/home/morrison/anaconda3/lib/libcurl.so: undefined reference to `ERR_remove_thread_state'
/home/morrison/anaconda3/lib/libcurl.so: undefined reference to `X509_NAME_ENTRY_get_data'
/home/morrison/anaconda3/lib/libcurl.so: undefined reference to `SSL_get_error'
/home/morrison/anaconda3/lib/libcurl.so: undefined reference to `PEM_write_bio_X509'
/home/morrison/anaconda3/lib/libcurl.so: undefined reference to `ENGINE_by_id'
/home/morrison/anaconda3/lib/libcurl.so: undefined reference to `SSL_CTX_free'
/home/morrison/anaconda3/lib/libcurl.so: undefined reference to `OCSP_resp_count'
/home/morrison/anaconda3/lib/libcurl.so: undefined reference to `ENGINE_init'
/home/morrison/anaconda3/lib/libcurl.so: undefined reference to `PKCS12_parse'
/home/morrison/anaconda3/lib/libcurl.so: undefined reference to `SSLeay'
/home/morrison/anaconda3/lib/libcurl.so: undefined reference to `ASN1_STRING_print'
/home/morrison/anaconda3/lib/libcurl.so: undefined reference to `SSL_get_peer_cert_chain'
/home/morrison/anaconda3/lib/libcurl.so: undefined reference to `UI_set_result'
collect2: ld returned 1 exit status
configure:4986: $? = 1
configure: failed program was:
| /* confdefs.h */
| #define PACKAGE_NAME ""
| #define PACKAGE_TARNAME ""
| #define PACKAGE_VERSION ""
| #define PACKAGE_STRING ""
| #define PACKAGE_BUGREPORT ""
| #define PACKAGE_URL ""
| #define STDC_HEADERS 1
| #define HAVE_SYS_TYPES_H 1
| #define HAVE_SYS_STAT_H 1
| #define HAVE_STDLIB_H 1
| #define HAVE_STRING_H 1
| #define HAVE_MEMORY_H 1
| #define HAVE_STRINGS_H 1
| #define HAVE_INTTYPES_H 1
| #define HAVE_STDINT_H 1
| #define HAVE_UNISTD_H 1
| #define HAVE_STDLIB_H 1
| #define HAVE_STRING_H 1
| #define HAVE_MATH_H 1
| #define HAVE_LIMITS_H 1
| #define _LARGEFILE_SOURCE 1
| #define _FILE_OFFSET_BITS 64
| #define CFITSIO_HAVE_CURL 1
| #define HAVE_LONGLONG 1
| /* end confdefs.h.  */
| #include <sys/ipc.h>
| #include <sys/shm.h>
| #include <sys/sem.h>
| 
| int
| main ()
| {
| 
| shmat(0, 0, 0);
| shmdt(0);
| shmget(0, 0, 0);
| semget(0, 0, 0);
| 
|   ;
|   return 0;
| }
configure:4995: result: no
configure:5007: checking do we have flock_t defined in sys/fcntl.h
configure:5023: gcc -c -I/home/morrison/anaconda3/include -g -O2 -Dg77Fortran -fPIC  conftest.c >&5
conftest.c: In function 'main':
conftest.c:33: error: 'flock_t' undeclared (first use in this function)
conftest.c:33: error: (Each undeclared identifier is reported only once
conftest.c:33: error: for each function it appears in.)
conftest.c:33: error: expected ';' before 'filler'
configure:5023: $? = 1
configure: failed program was:
| /* confdefs.h */
| #define PACKAGE_NAME ""
| #define PACKAGE_TARNAME ""
| #define PACKAGE_VERSION ""
| #define PACKAGE_STRING ""
| #define PACKAGE_BUGREPORT ""
| #define PACKAGE_URL ""
| #define STDC_HEADERS 1
| #define HAVE_SYS_TYPES_H 1
| #define HAVE_SYS_STAT_H 1
| #define HAVE_STDLIB_H 1
| #define HAVE_STRING_H 1
| #define HAVE_MEMORY_H 1
| #define HAVE_STRINGS_H 1
| #define HAVE_INTTYPES_H 1
| #define HAVE_STDINT_H 1
| #define HAVE_UNISTD_H 1
| #define HAVE_STDLIB_H 1
| #define HAVE_STRING_H 1
| #define HAVE_MATH_H 1
| #define HAVE_LIMITS_H 1
| #define _LARGEFILE_SOURCE 1
| #define _FILE_OFFSET_BITS 64
| #define CFITSIO_HAVE_CURL 1
| #define HAVE_LONGLONG 1
| /* end confdefs.h.  */
| #include <sys/fcntl.h>
| 
| int
| main ()
| {
| 
| flock_t filler;
| 
|   ;
|   return 0;
| }
configure:5031: result: no
configure:5037: checking do we have flock_t defined in sys/flock.h
configure:5053: gcc -c -I/home/morrison/anaconda3/include -g -O2 -Dg77Fortran -fPIC  conftest.c >&5
conftest.c:27:23: error: sys/flock.h: No such file or directory
conftest.c: In function 'main':
conftest.c:33: error: 'flock_t' undeclared (first use in this function)
conftest.c:33: error: (Each undeclared identifier is reported only once
conftest.c:33: error: for each function it appears in.)
conftest.c:33: error: expected ';' before 'filler'
configure:5053: $? = 1
configure: failed program was:
| /* confdefs.h */
| #define PACKAGE_NAME ""
| #define PACKAGE_TARNAME ""
| #define PACKAGE_VERSION ""
| #define PACKAGE_STRING ""
| #define PACKAGE_BUGREPORT ""
| #define PACKAGE_URL ""
| #define STDC_HEADERS 1
| #define HAVE_SYS_TYPES_H 1
| #define HAVE_SYS_STAT_H 1
| #define HAVE_STDLIB_H 1
| #define HAVE_STRING_H 1
| #define HAVE_MEMORY_H 1
| #define HAVE_STRINGS_H 1
| #define HAVE_INTTYPES_H 1
| #define HAVE_STDINT_H 1
| #define HAVE_UNISTD_H 1
| #define HAVE_STDLIB_H 1
| #define HAVE_STRING_H 1
| #define HAVE_MATH_H 1
| #define HAVE_LIMITS_H 1
| #define _LARGEFILE_SOURCE 1
| #define _FILE_OFFSET_BITS 64
| #define CFITSIO_HAVE_CURL 1
| #define HAVE_LONGLONG 1
| /* end confdefs.h.  */
| #include <sys/flock.h>
| 
| int
| main ()
| {
| 
|    flock_t filler;
| 
|   ;
|   return 0;
| }
configure:5061: result: no
configure:5129: checking do we have union semun defined
configure:5147: gcc -c -I/home/morrison/anaconda3/include -g -O2 -Dg77Fortran -fPIC  conftest.c >&5
conftest.c: In function 'main':
conftest.c:35: error: storage size of 'filler' isn't known
configure:5147: $? = 1
configure: failed program was:
| /* confdefs.h */
| #define PACKAGE_NAME ""
| #define PACKAGE_TARNAME ""
| #define PACKAGE_VERSION ""
| #define PACKAGE_STRING ""
| #define PACKAGE_BUGREPORT ""
| #define PACKAGE_URL ""
| #define STDC_HEADERS 1
| #define HAVE_SYS_TYPES_H 1
| #define HAVE_SYS_STAT_H 1
| #define HAVE_STDLIB_H 1
| #define HAVE_STRING_H 1
| #define HAVE_MEMORY_H 1
| #define HAVE_STRINGS_H 1
| #define HAVE_INTTYPES_H 1
| #define HAVE_STDINT_H 1
| #define HAVE_UNISTD_H 1
| #define HAVE_STDLIB_H 1
| #define HAVE_STRING_H 1
| #define HAVE_MATH_H 1
| #define HAVE_LIMITS_H 1
| #define _LARGEFILE_SOURCE 1
| #define _FILE_OFFSET_BITS 64
| #define CFITSIO_HAVE_CURL 1
| #define HAVE_LONGLONG 1
| /* end confdefs.h.  */
| #include <sys/ipc.h>
| #include <sys/shm.h>
| #include <sys/sem.h>
| 
| int
| main ()
| {
| 
| union semun filler;
| 
|   ;
|   return 0;
| }
configure:5155: result: no
configure:5163: checking for library containing gethostbyname
configure:5194: gcc -o conftest -I/home/morrison/anaconda3/include -g -O2 -Dg77Fortran -fPIC  -g -O2 conftest.c -L/home/morrison/anaconda3/lib -lcurl  >&5
/usr/bin/ld: warning: libssl.so.1.0.0, needed by /home/morrison/anaconda3/lib/libcurl.so, not found (try using -rpath or -rpath-link)
/usr/bin/ld: warning: libcrypto.so.1.0.0, needed by /home/morrison/anaconda3/lib/libcurl.so, not found (try using -rpath or -rpath-link)
/home/morrison/anaconda3/lib/libcurl.so: undefined reference to `SSL_connect'
/home/morrison/anaconda3/lib/libcurl.so: undefined reference to `X509_check_issued'
/home/morrison/anaconda3/lib/libcurl.so: undefined reference to `SSL_CTX_set_srp_password'
/home/morrison/anaconda3/lib/libcurl.so: undefined reference to `SSL_set_bio'
/home/morrison/anaconda3/lib/libcurl.so: undefined reference to `BIO_free'
/home/morrison/anaconda3/lib/libcurl.so: undefined reference to `BIO_s_mem'
/home/morrison/anaconda3/lib/libcurl.so: undefined reference to `UI_method_get_reader'
/home/morrison/anaconda3/lib/libcurl.so: undefined reference to `UI_get_string_type'
/home/morrison/anaconda3/lib/libcurl.so: undefined reference to `sk_pop_free'
/home/morrison/anaconda3/lib/libcurl.so: undefined reference to `BIO_ctrl'
/home/morrison/anaconda3/lib/libcurl.so: undefined reference to `DES_set_odd_parity'
/home/morrison/anaconda3/lib/libcurl.so: undefined reference to `UI_get0_user_data'
/home/morrison/anaconda3/lib/libcurl.so: undefined reference to `BN_num_bits'
/home/morrison/anaconda3/lib/libcurl.so: undefined reference to `ENGINE_get_next'
/home/morrison/anaconda3/lib/libcurl.so: undefined reference to `PEM_read_X509'
/home/morrison/anaconda3/lib/libcurl.so: undefined reference to `MD4_Update'
/home/morrison/anaconda3/lib/libcurl.so: undefined reference to `ASN1_STRING_to_UTF8'
/home/morrison/anaconda3/lib/libcurl.so: undefined reference to `GENERAL_NAMES_free'
/home/morrison/anaconda3/lib/libcurl.so: undefined reference to `PKCS12_free'
/home/morrison/anaconda3/lib/libcurl.so: undefined reference to `SSL_get1_session'
/home/morrison/anaconda3/lib/libcurl.so: undefined reference to `SSL_set_session'
/home/morrison/anaconda3/lib/libcurl.so: undefined reference to `ASN1_STRING_length'
/home/morrison/anaconda3/lib/libcurl.so: undefined reference to `ENGINE_get_first'
/home/morrison/anaconda3/lib/libcurl.so: undefined reference to `UI_OpenSSL'
/home/morrison/anaconda3/lib/libcurl.so: undefined reference to `UI_method_get_closer'
/home/morrison/anaconda3/lib/libcurl.so: undefined reference to `OPENSSL_add_all_algorithms_noconf'
/home/morrison/anaconda3/lib/libcurl.so: undefined reference to `OPENSSL_load_builtin_modules'
/home/morrison/anaconda3/lib/libcurl.so: undefined reference to `X509_NAME_get_index_by_NID'
/home/morrison/anaconda3/lib/libcurl.so: undefined reference to `SSL_CTX_set_verify'
/home/morrison/anaconda3/lib/libcurl.so: undefined reference to `UI_method_set_writer'
/home/morrison/anaconda3/lib/libcurl.so: undefined reference to `SSL_SESSION_free'
/home/morrison/anaconda3/lib/libcurl.so: undefined reference to `RAND_load_file'
/home/morrison/anaconda3/lib/libcurl.so: undefined reference to `MD5_Init'
/home/morrison/anaconda3/lib/libcurl.so: undefined reference to `sk_value'
/home/morrison/anaconda3/lib/libcurl.so: undefined reference to `SSL_ctrl'
/home/morrison/anaconda3/lib/libcurl.so: undefined reference to `SSL_load_error_strings'
/home/morrison/anaconda3/lib/libcurl.so: undefined reference to `UI_method_get_opener'
/home/morrison/anaconda3/lib/libcurl.so: undefined reference to `MD5_Final'
/home/morrison/anaconda3/lib/libcurl.so: undefined reference to `UI_method_set_closer'
/home/morrison/anaconda3/lib/libcurl.so: undefined reference to `CRYPTO_malloc'
/home/morrison/anaconda3/lib/libcurl.so: undefined reference to `X509_STORE_set_flags'
/home/morrison/anaconda3/lib/libcurl.so: undefined reference to `SSLv2_client_method'
/home/morrison/anaconda3/lib/libcurl.so: undefined reference to `PKCS12_PBE_add'
/home/morrison/anaconda3/lib/libcurl.so: undefined reference to `SSL_CTX_check_private_key'
/home/morrison/anaconda3/lib/libcurl.so: undefined reference to `SSL_CTX_use_certificate_chain_file'
/home/morrison/anaconda3/lib/libcurl.so: undefined reference to `OCSP_BASICRESP_free'
/home/morrison/anaconda3/lib/libcurl.so: undefined reference to `SSL_get_peer_certificate'
/home/morrison/anaconda3/lib/libcurl.so: undefined reference to `BIO_new'
/home/morrison/anaconda3/lib/libcurl.so: undefined reference to `BIO_f_ssl'
/home/morrison/anaconda3/lib/libcurl.so: undefined reference to `X509_get_subject_name'
/home/morrison/anaconda3/lib/libcurl.so: undefined reference to `SSL_free'
/home/morrison/anaconda3/lib/libcurl.so: undefined reference to `OCSP_RESPONSE_free'
/home/morrison/anaconda3/lib/libcurl.so: undefined reference to `ERR_clear_error'
/home/morrison/anaconda3/lib/libcurl.so: undefined reference to `X509_NAME_get_entry'
/home/morrison/anaconda3/lib/libcurl.so: undefined reference to `d2i_PKCS12_fp'
/home/morrison/anaconda3/lib/libcurl.so: undefined reference to `SHA256_Init'
/home/morrison/anaconda3/lib/libcurl.so: undefined reference to `CONF_modules_free'
/home/morrison/anaconda3/lib/libcurl.so: undefined reference to `OCSP_basic_verify'
/home/morrison/anaconda3/lib/libcurl.so: undefined reference to `ENGINE_cleanup'
/home/morrison/anaconda3/lib/libcurl.so: undefined reference to `BIO_puts'
/home/morrison/anaconda3/lib/libcurl.so: undefined reference to `i2t_ASN1_OBJECT'
/home/morrison/anaconda3/lib/libcurl.so: undefined reference to `SSL_CTX_set_alpn_protos'
/home/morrison/anaconda3/lib/libcurl.so: undefined reference to `SSL_CTX_add_client_CA'
/home/morrison/anaconda3/lib/libcurl.so: undefined reference to `SSL_get_certificate'
/home/morrison/anaconda3/lib/libcurl.so: undefined reference to `RAND_egd'
/home/morrison/anaconda3/lib/libcurl.so: undefined reference to `SSL_CTX_set_default_passwd_cb_userdata'
/home/morrison/anaconda3/lib/libcurl.so: undefined reference to `CRYPTO_free'
/home/morrison/anaconda3/lib/libcurl.so: undefined reference to `SSLv3_client_method'
/home/morrison/anaconda3/lib/libcurl.so: undefined reference to `X509_get_ext_d2i'
/home/morrison/anaconda3/lib/libcurl.so: undefined reference to `ERR_free_strings'
/home/morrison/anaconda3/lib/libcurl.so: undefined reference to `d2i_OCSP_RESPONSE'
/home/morrison/anaconda3/lib/libcurl.so: undefined reference to `SSL_set_connect_state'
/home/morrison/anaconda3/lib/libcurl.so: undefined reference to `SSL_CTX_new'
/home/morrison/anaconda3/lib/libcurl.so: undefined reference to `OCSP_response_status'
/home/morrison/anaconda3/lib/libcurl.so: undefined reference to `SSL_get_verify_result'
/home/morrison/anaconda3/lib/libcurl.so: undefined reference to `OCSP_response_status_str'
/home/morrison/anaconda3/lib/libcurl.so: undefined reference to `X509_load_crl_file'
/home/morrison/anaconda3/lib/libcurl.so: undefined reference to `UI_create_method'
/home/morrison/anaconda3/lib/libcurl.so: undefined reference to `SSL_read'
/home/morrison/anaconda3/lib/libcurl.so: undefined reference to `RAND_bytes'
/home/morrison/anaconda3/lib/libcurl.so: undefined reference to `SSL_set_fd'
/home/morrison/anaconda3/lib/libcurl.so: undefined reference to `EVP_cleanup'
/home/morrison/anaconda3/lib/libcurl.so: undefined reference to `SSL_CTX_use_PrivateKey'
/home/morrison/anaconda3/lib/libcurl.so: undefined reference to `X509_NAME_print_ex'
/home/morrison/anaconda3/lib/libcurl.so: undefined reference to `SSL_pending'
/home/morrison/anaconda3/lib/libcurl.so: undefined reference to `X509_verify_cert_error_string'
/home/morrison/anaconda3/lib/libcurl.so: undefined reference to `SSL_get_current_cipher'
/home/morrison/anaconda3/lib/libcurl.so: undefined reference to `UI_destroy_method'
/home/morrison/anaconda3/lib/libcurl.so: undefined reference to `ENGINE_load_private_key'
/home/morrison/anaconda3/lib/libcurl.so: undefined reference to `X509_LOOKUP_file'
/home/morrison/anaconda3/lib/libcurl.so: undefined reference to `OCSP_crl_reason_str'
/home/morrison/anaconda3/lib/libcurl.so: undefined reference to `ENGINE_finish'
/home/morrison/anaconda3/lib/libcurl.so: undefined reference to `RAND_add'
/home/morrison/anaconda3/lib/libcurl.so: undefined reference to `SSL_CTX_load_verify_locations'
/home/morrison/anaconda3/lib/libcurl.so: undefined reference to `SSL_CIPHER_get_name'
/home/morrison/anaconda3/lib/libcurl.so: undefined reference to `ASN1_STRING_type'
/home/morrison/anaconda3/lib/libcurl.so: undefined reference to `ENGINE_get_id'
/home/morrison/anaconda3/lib/libcurl.so: undefined reference to `ERR_get_error'
/home/morrison/anaconda3/lib/libcurl.so: undefined reference to `i2a_ASN1_OBJECT'
/home/morrison/anaconda3/lib/libcurl.so: undefined reference to `SSLv23_client_method'
/home/morrison/anaconda3/lib/libcurl.so: undefined reference to `ASN1_INTEGER_get'
/home/morrison/anaconda3/lib/libcurl.so: undefined reference to `sk_num'
/home/morrison/anaconda3/lib/libcurl.so: undefined reference to `OCSP_cert_status_str'
/home/morrison/anaconda3/lib/libcurl.so: undefined reference to `ASN1_STRING_data'
/home/morrison/anaconda3/lib/libcurl.so: undefined reference to `EVP_PKEY_free'
/home/morrison/anaconda3/lib/libcurl.so: undefined reference to `SSL_get_privatekey'
/home/morrison/anaconda3/lib/libcurl.so: undefined reference to `ERR_error_string'
/home/morrison/anaconda3/lib/libcurl.so: undefined reference to `RAND_file_name'
/home/morrison/anaconda3/lib/libcurl.so: undefined reference to `ENGINE_ctrl_cmd'
/home/morrison/anaconda3/lib/libcurl.so: undefined reference to `ERR_peek_error'
/home/morrison/anaconda3/lib/libcurl.so: undefined reference to `SSL_CTX_use_PrivateKey_file'
/home/morrison/anaconda3/lib/libcurl.so: undefined reference to `SHA256_Update'
/home/morrison/anaconda3/lib/libcurl.so: undefined reference to `SSL_library_init'
/home/morrison/anaconda3/lib/libcurl.so: undefined reference to `OCSP_check_validity'
/home/morrison/anaconda3/lib/libcurl.so: undefined reference to `UI_method_set_opener'
/home/morrison/anaconda3/lib/libcurl.so: undefined reference to `SSL_CTX_set_default_passwd_cb'
/home/morrison/anaconda3/lib/libcurl.so: undefined reference to `SSL_CTX_use_certificate_file'
/home/morrison/anaconda3/lib/libcurl.so: undefined reference to `X509V3_EXT_print'
/home/morrison/anaconda3/lib/libcurl.so: undefined reference to `MD5_Update'
/home/morrison/anaconda3/lib/libcurl.so: undefined reference to `SHA256_Final'
/home/morrison/anaconda3/lib/libcurl.so: undefined reference to `UI_method_get_writer'
/home/morrison/anaconda3/lib/libcurl.so: undefined reference to `X509_get_pubkey'
/home/morrison/anaconda3/lib/libcurl.so: undefined reference to `SSL_CTX_set_cipher_list'
/home/morrison/anaconda3/lib/libcurl.so: undefined reference to `BIO_printf'
/home/morrison/anaconda3/lib/libcurl.so: undefined reference to `SSL_new'
/home/morrison/anaconda3/lib/libcurl.so: undefined reference to `SSL_CTX_use_certificate'
/home/morrison/anaconda3/lib/libcurl.so: undefined reference to `X509_get_serialNumber'
/home/morrison/anaconda3/lib/libcurl.so: undefined reference to `UI_get_input_flags'
/home/morrison/anaconda3/lib/libcurl.so: undefined reference to `SSL_write'
/home/morrison/anaconda3/lib/libcurl.so: undefined reference to `OCSP_resp_get0'
/home/morrison/anaconda3/lib/libcurl.so: undefined reference to `SSL_CTX_get_cert_store'
/home/morrison/anaconda3/lib/libcurl.so: undefined reference to `i2d_X509_PUBKEY'
/home/morrison/anaconda3/lib/libcurl.so: undefined reference to `OCSP_response_get1_basic'
/home/morrison/anaconda3/lib/libcurl.so: undefined reference to `SSL_CTX_set_msg_callback'
/home/morrison/anaconda3/lib/libcurl.so: undefined reference to `X509_free'
/home/morrison/anaconda3/lib/libcurl.so: undefined reference to `sk_pop'
/home/morrison/anaconda3/lib/libcurl.so: undefined reference to `ERR_error_string_n'
/home/morrison/anaconda3/lib/libcurl.so: undefined reference to `DES_set_key'
/home/morrison/anaconda3/lib/libcurl.so: undefined reference to `SSL_shutdown'
/home/morrison/anaconda3/lib/libcurl.so: undefined reference to `SSL_CTX_set_srp_username'
/home/morrison/anaconda3/lib/libcurl.so: undefined reference to `ASN1_TIME_print'
/home/morrison/anaconda3/lib/libcurl.so: undefined reference to `SSL_version'
/home/morrison/anaconda3/lib/libcurl.so: undefined reference to `DES_ecb_encrypt'
/home/morrison/anaconda3/lib/libcurl.so: undefined reference to `SSL_get_shutdown'
/home/morrison/anaconda3/lib/libcurl.so: undefined reference to `ENGINE_set_default'
/home/morrison/anaconda3/lib/libcurl.so: undefined reference to `SSL_CTX_set_next_proto_select_cb'
/home/morrison/anaconda3/lib/libcurl.so: undefined reference to `SSL_COMP_free_compression_methods'
/home/morrison/anaconda3/lib/libcurl.so: undefined reference to `X509_STORE_add_lookup'
/home/morrison/anaconda3/lib/libcurl.so: undefined reference to `X509_get_issuer_name'
/home/morrison/anaconda3/lib/libcurl.so: undefined reference to `OCSP_single_get0_status'
/home/morrison/anaconda3/lib/libcurl.so: undefined reference to `X509_EXTENSION_get_object'
/home/morrison/anaconda3/lib/libcurl.so: undefined reference to `RAND_status'
/home/morrison/anaconda3/lib/libcurl.so: undefined reference to `EVP_PKEY_copy_parameters'
/home/morrison/anaconda3/lib/libcurl.so: undefined reference to `X509_EXTENSION_get_data'
/home/morrison/anaconda3/lib/libcurl.so: undefined reference to `ENGINE_free'
/home/morrison/anaconda3/lib/libcurl.so: undefined reference to `ENGINE_load_builtin_engines'
/home/morrison/anaconda3/lib/libcurl.so: undefined reference to `MD4_Final'
/home/morrison/anaconda3/lib/libcurl.so: undefined reference to `SSL_get0_alpn_selected'
/home/morrison/anaconda3/lib/libcurl.so: undefined reference to `SSL_CTX_ctrl'
/home/morrison/anaconda3/lib/libcurl.so: undefined reference to `BN_print'
/home/morrison/anaconda3/lib/libcurl.so: undefined reference to `UI_method_set_reader'
/home/morrison/anaconda3/lib/libcurl.so: undefined reference to `MD4_Init'
/home/morrison/anaconda3/lib/libcurl.so: undefined reference to `CONF_modules_load_file'
/home/morrison/anaconda3/lib/libcurl.so: undefined reference to `ENGINE_ctrl'
/home/morrison/anaconda3/lib/libcurl.so: undefined reference to `ERR_remove_thread_state'
/home/morrison/anaconda3/lib/libcurl.so: undefined reference to `X509_NAME_ENTRY_get_data'
/home/morrison/anaconda3/lib/libcurl.so: undefined reference to `SSL_get_error'
/home/morrison/anaconda3/lib/libcurl.so: undefined reference to `PEM_write_bio_X509'
/home/morrison/anaconda3/lib/libcurl.so: undefined reference to `ENGINE_by_id'
/home/morrison/anaconda3/lib/libcurl.so: undefined reference to `SSL_CTX_free'
/home/morrison/anaconda3/lib/libcurl.so: undefined reference to `OCSP_resp_count'
/home/morrison/anaconda3/lib/libcurl.so: undefined reference to `ENGINE_init'
/home/morrison/anaconda3/lib/libcurl.so: undefined reference to `PKCS12_parse'
/home/morrison/anaconda3/lib/libcurl.so: undefined reference to `SSLeay'
/home/morrison/anaconda3/lib/libcurl.so: undefined reference to `ASN1_STRING_print'
/home/morrison/anaconda3/lib/libcurl.so: undefined reference to `SSL_get_peer_cert_chain'
/home/morrison/anaconda3/lib/libcurl.so: undefined reference to `UI_set_result'
collect2: ld returned 1 exit status
configure:5194: $? = 1
configure: failed program was:
| /* confdefs.h */
| #define PACKAGE_NAME ""
| #define PACKAGE_TARNAME ""
| #define PACKAGE_VERSION ""
| #define PACKAGE_STRING ""
| #define PACKAGE_BUGREPORT ""
| #define PACKAGE_URL ""
| #define STDC_HEADERS 1
| #define HAVE_SYS_TYPES_H 1
| #define HAVE_SYS_STAT_H 1
| #define HAVE_STDLIB_H 1
| #define HAVE_STRING_H 1
| #define HAVE_MEMORY_H 1
| #define HAVE_STRINGS_H 1
| #define HAVE_INTTYPES_H 1
| #define HAVE_STDINT_H 1
| #define HAVE_UNISTD_H 1
| #define HAVE_STDLIB_H 1
| #define HAVE_STRING_H 1
| #define HAVE_MATH_H 1
| #define HAVE_LIMITS_H 1
| #define _LARGEFILE_SOURCE 1
| #define _FILE_OFFSET_BITS 64
| #define CFITSIO_HAVE_CURL 1
| #define HAVE_LONGLONG 1
| /* end confdefs.h.  */
| 
| /* Override any GCC internal prototype to avoid an error.
|    Use char because int might match the return type of a GCC
|    builtin and then its argument prototype would still apply.  */
| #ifdef __cplusplus
| extern "C"
| #endif
| char gethostbyname ();
| int
| main ()
| {
| return gethostbyname ();
|   ;
|   return 0;
| }
configure:5194: gcc -o conftest -I/home/morrison/anaconda3/include -g -O2 -Dg77Fortran -fPIC  -g -O2 conftest.c -lnsl  -L/home/morrison/anaconda3/lib -lcurl  >&5
/usr/bin/ld: warning: libssl.so.1.0.0, needed by /home/morrison/anaconda3/lib/libcurl.so, not found (try using -rpath or -rpath-link)
/usr/bin/ld: warning: libcrypto.so.1.0.0, needed by /home/morrison/anaconda3/lib/libcurl.so, not found (try using -rpath or -rpath-link)
/home/morrison/anaconda3/lib/libcurl.so: undefined reference to `SSL_connect'
/home/morrison/anaconda3/lib/libcurl.so: undefined reference to `X509_check_issued'
/home/morrison/anaconda3/lib/libcurl.so: undefined reference to `SSL_CTX_set_srp_password'
/home/morrison/anaconda3/lib/libcurl.so: undefined reference to `SSL_set_bio'
/home/morrison/anaconda3/lib/libcurl.so: undefined reference to `BIO_free'
/home/morrison/anaconda3/lib/libcurl.so: undefined reference to `BIO_s_mem'
/home/morrison/anaconda3/lib/libcurl.so: undefined reference to `UI_method_get_reader'
/home/morrison/anaconda3/lib/libcurl.so: undefined reference to `UI_get_string_type'
/home/morrison/anaconda3/lib/libcurl.so: undefined reference to `sk_pop_free'
/home/morrison/anaconda3/lib/libcurl.so: undefined reference to `BIO_ctrl'
/home/morrison/anaconda3/lib/libcurl.so: undefined reference to `DES_set_odd_parity'
/home/morrison/anaconda3/lib/libcurl.so: undefined reference to `UI_get0_user_data'
/home/morrison/anaconda3/lib/libcurl.so: undefined reference to `BN_num_bits'
/home/morrison/anaconda3/lib/libcurl.so: undefined reference to `ENGINE_get_next'
/home/morrison/anaconda3/lib/libcurl.so: undefined reference to `PEM_read_X509'
/home/morrison/anaconda3/lib/libcurl.so: undefined reference to `MD4_Update'
/home/morrison/anaconda3/lib/libcurl.so: undefined reference to `ASN1_STRING_to_UTF8'
/home/morrison/anaconda3/lib/libcurl.so: undefined reference to `GENERAL_NAMES_free'
/home/morrison/anaconda3/lib/libcurl.so: undefined reference to `PKCS12_free'
/home/morrison/anaconda3/lib/libcurl.so: undefined reference to `SSL_get1_session'
/home/morrison/anaconda3/lib/libcurl.so: undefined reference to `SSL_set_session'
/home/morrison/anaconda3/lib/libcurl.so: undefined reference to `ASN1_STRING_length'
/home/morrison/anaconda3/lib/libcurl.so: undefined reference to `ENGINE_get_first'
/home/morrison/anaconda3/lib/libcurl.so: undefined reference to `UI_OpenSSL'
/home/morrison/anaconda3/lib/libcurl.so: undefined reference to `UI_method_get_closer'
/home/morrison/anaconda3/lib/libcurl.so: undefined reference to `OPENSSL_add_all_algorithms_noconf'
/home/morrison/anaconda3/lib/libcurl.so: undefined reference to `OPENSSL_load_builtin_modules'
/home/morrison/anaconda3/lib/libcurl.so: undefined reference to `X509_NAME_get_index_by_NID'
/home/morrison/anaconda3/lib/libcurl.so: undefined reference to `SSL_CTX_set_verify'
/home/morrison/anaconda3/lib/libcurl.so: undefined reference to `UI_method_set_writer'
/home/morrison/anaconda3/lib/libcurl.so: undefined reference to `SSL_SESSION_free'
/home/morrison/anaconda3/lib/libcurl.so: undefined reference to `RAND_load_file'
/home/morrison/anaconda3/lib/libcurl.so: undefined reference to `MD5_Init'
/home/morrison/anaconda3/lib/libcurl.so: undefined reference to `sk_value'
/home/morrison/anaconda3/lib/libcurl.so: undefined reference to `SSL_ctrl'
/home/morrison/anaconda3/lib/libcurl.so: undefined reference to `SSL_load_error_strings'
/home/morrison/anaconda3/lib/libcurl.so: undefined reference to `UI_method_get_opener'
/home/morrison/anaconda3/lib/libcurl.so: undefined reference to `MD5_Final'
/home/morrison/anaconda3/lib/libcurl.so: undefined reference to `UI_method_set_closer'
/home/morrison/anaconda3/lib/libcurl.so: undefined reference to `CRYPTO_malloc'
/home/morrison/anaconda3/lib/libcurl.so: undefined reference to `X509_STORE_set_flags'
/home/morrison/anaconda3/lib/libcurl.so: undefined reference to `SSLv2_client_method'
/home/morrison/anaconda3/lib/libcurl.so: undefined reference to `PKCS12_PBE_add'
/home/morrison/anaconda3/lib/libcurl.so: undefined reference to `SSL_CTX_check_private_key'
/home/morrison/anaconda3/lib/libcurl.so: undefined reference to `SSL_CTX_use_certificate_chain_file'
/home/morrison/anaconda3/lib/libcurl.so: undefined reference to `OCSP_BASICRESP_free'
/home/morrison/anaconda3/lib/libcurl.so: undefined reference to `SSL_get_peer_certificate'
/home/morrison/anaconda3/lib/libcurl.so: undefined reference to `BIO_new'
/home/morrison/anaconda3/lib/libcurl.so: undefined reference to `BIO_f_ssl'
/home/morrison/anaconda3/lib/libcurl.so: undefined reference to `X509_get_subject_name'
/home/morrison/anaconda3/lib/libcurl.so: undefined reference to `SSL_free'
/home/morrison/anaconda3/lib/libcurl.so: undefined reference to `OCSP_RESPONSE_free'
/home/morrison/anaconda3/lib/libcurl.so: undefined reference to `ERR_clear_error'
/home/morrison/anaconda3/lib/libcurl.so: undefined reference to `X509_NAME_get_entry'
/home/morrison/anaconda3/lib/libcurl.so: undefined reference to `d2i_PKCS12_fp'
/home/morrison/anaconda3/lib/libcurl.so: undefined reference to `SHA256_Init'
/home/morrison/anaconda3/lib/libcurl.so: undefined reference to `CONF_modules_free'
/home/morrison/anaconda3/lib/libcurl.so: undefined reference to `OCSP_basic_verify'
/home/morrison/anaconda3/lib/libcurl.so: undefined reference to `ENGINE_cleanup'
/home/morrison/anaconda3/lib/libcurl.so: undefined reference to `BIO_puts'
/home/morrison/anaconda3/lib/libcurl.so: undefined reference to `i2t_ASN1_OBJECT'
/home/morrison/anaconda3/lib/libcurl.so: undefined reference to `SSL_CTX_set_alpn_protos'
/home/morrison/anaconda3/lib/libcurl.so: undefined reference to `SSL_CTX_add_client_CA'
/home/morrison/anaconda3/lib/libcurl.so: undefined reference to `SSL_get_certificate'
/home/morrison/anaconda3/lib/libcurl.so: undefined reference to `RAND_egd'
/home/morrison/anaconda3/lib/libcurl.so: undefined reference to `SSL_CTX_set_default_passwd_cb_userdata'
/home/morrison/anaconda3/lib/libcurl.so: undefined reference to `CRYPTO_free'
/home/morrison/anaconda3/lib/libcurl.so: undefined reference to `SSLv3_client_method'
/home/morrison/anaconda3/lib/libcurl.so: undefined reference to `X509_get_ext_d2i'
/home/morrison/anaconda3/lib/libcurl.so: undefined reference to `ERR_free_strings'
/home/morrison/anaconda3/lib/libcurl.so: undefined reference to `d2i_OCSP_RESPONSE'
/home/morrison/anaconda3/lib/libcurl.so: undefined reference to `SSL_set_connect_state'
/home/morrison/anaconda3/lib/libcurl.so: undefined reference to `SSL_CTX_new'
/home/morrison/anaconda3/lib/libcurl.so: undefined reference to `OCSP_response_status'
/home/morrison/anaconda3/lib/libcurl.so: undefined reference to `SSL_get_verify_result'
/home/morrison/anaconda3/lib/libcurl.so: undefined reference to `OCSP_response_status_str'
/home/morrison/anaconda3/lib/libcurl.so: undefined reference to `X509_load_crl_file'
/home/morrison/anaconda3/lib/libcurl.so: undefined reference to `UI_create_method'
/home/morrison/anaconda3/lib/libcurl.so: undefined reference to `SSL_read'
/home/morrison/anaconda3/lib/libcurl.so: undefined reference to `RAND_bytes'
/home/morrison/anaconda3/lib/libcurl.so: undefined reference to `SSL_set_fd'
/home/morrison/anaconda3/lib/libcurl.so: undefined reference to `EVP_cleanup'
/home/morrison/anaconda3/lib/libcurl.so: undefined reference to `SSL_CTX_use_PrivateKey'
/home/morrison/anaconda3/lib/libcurl.so: undefined reference to `X509_NAME_print_ex'
/home/morrison/anaconda3/lib/libcurl.so: undefined reference to `SSL_pending'
/home/morrison/anaconda3/lib/libcurl.so: undefined reference to `X509_verify_cert_error_string'
/home/morrison/anaconda3/lib/libcurl.so: undefined reference to `SSL_get_current_cipher'
/home/morrison/anaconda3/lib/libcurl.so: undefined reference to `UI_destroy_method'
/home/morrison/anaconda3/lib/libcurl.so: undefined reference to `ENGINE_load_private_key'
/home/morrison/anaconda3/lib/libcurl.so: undefined reference to `X509_LOOKUP_file'
/home/morrison/anaconda3/lib/libcurl.so: undefined reference to `OCSP_crl_reason_str'
/home/morrison/anaconda3/lib/libcurl.so: undefined reference to `ENGINE_finish'
/home/morrison/anaconda3/lib/libcurl.so: undefined reference to `RAND_add'
/home/morrison/anaconda3/lib/libcurl.so: undefined reference to `SSL_CTX_load_verify_locations'
/home/morrison/anaconda3/lib/libcurl.so: undefined reference to `SSL_CIPHER_get_name'
/home/morrison/anaconda3/lib/libcurl.so: undefined reference to `ASN1_STRING_type'
/home/morrison/anaconda3/lib/libcurl.so: undefined reference to `ENGINE_get_id'
/home/morrison/anaconda3/lib/libcurl.so: undefined reference to `ERR_get_error'
/home/morrison/anaconda3/lib/libcurl.so: undefined reference to `i2a_ASN1_OBJECT'
/home/morrison/anaconda3/lib/libcurl.so: undefined reference to `SSLv23_client_method'
/home/morrison/anaconda3/lib/libcurl.so: undefined reference to `ASN1_INTEGER_get'
/home/morrison/anaconda3/lib/libcurl.so: undefined reference to `sk_num'
/home/morrison/anaconda3/lib/libcurl.so: undefined reference to `OCSP_cert_status_str'
/home/morrison/anaconda3/lib/libcurl.so: undefined reference to `ASN1_STRING_data'
/home/morrison/anaconda3/lib/libcurl.so: undefined reference to `EVP_PKEY_free'
/home/morrison/anaconda3/lib/libcurl.so: undefined reference to `SSL_get_privatekey'
/home/morrison/anaconda3/lib/libcurl.so: undefined reference to `ERR_error_string'
/home/morrison/anaconda3/lib/libcurl.so: undefined reference to `RAND_file_name'
/home/morrison/anaconda3/lib/libcurl.so: undefined reference to `ENGINE_ctrl_cmd'
/home/morrison/anaconda3/lib/libcurl.so: undefined reference to `ERR_peek_error'
/home/morrison/anaconda3/lib/libcurl.so: undefined reference to `SSL_CTX_use_PrivateKey_file'
/home/morrison/anaconda3/lib/libcurl.so: undefined reference to `SHA256_Update'
/home/morrison/anaconda3/lib/libcurl.so: undefined reference to `SSL_library_init'
/home/morrison/anaconda3/lib/libcurl.so: undefined reference to `OCSP_check_validity'
/home/morrison/anaconda3/lib/libcurl.so: undefined reference to `UI_method_set_opener'
/home/morrison/anaconda3/lib/libcurl.so: undefined reference to `SSL_CTX_set_default_passwd_cb'
/home/morrison/anaconda3/lib/libcurl.so: undefined reference to `SSL_CTX_use_certificate_file'
/home/morrison/anaconda3/lib/libcurl.so: undefined reference to `X509V3_EXT_print'
/home/morrison/anaconda3/lib/libcurl.so: undefined reference to `MD5_Update'
/home/morrison/anaconda3/lib/libcurl.so: undefined reference to `SHA256_Final'
/home/morrison/anaconda3/lib/libcurl.so: undefined reference to `UI_method_get_writer'
/home/morrison/anaconda3/lib/libcurl.so: undefined reference to `X509_get_pubkey'
/home/morrison/anaconda3/lib/libcurl.so: undefined reference to `SSL_CTX_set_cipher_list'
/home/morrison/anaconda3/lib/libcurl.so: undefined reference to `BIO_printf'
/home/morrison/anaconda3/lib/libcurl.so: undefined reference to `SSL_new'
/home/morrison/anaconda3/lib/libcurl.so: undefined reference to `SSL_CTX_use_certificate'
/home/morrison/anaconda3/lib/libcurl.so: undefined reference to `X509_get_serialNumber'
/home/morrison/anaconda3/lib/libcurl.so: undefined reference to `UI_get_input_flags'
/home/morrison/anaconda3/lib/libcurl.so: undefined reference to `SSL_write'
/home/morrison/anaconda3/lib/libcurl.so: undefined reference to `OCSP_resp_get0'
/home/morrison/anaconda3/lib/libcurl.so: undefined reference to `SSL_CTX_get_cert_store'
/home/morrison/anaconda3/lib/libcurl.so: undefined reference to `i2d_X509_PUBKEY'
/home/morrison/anaconda3/lib/libcurl.so: undefined reference to `OCSP_response_get1_basic'
/home/morrison/anaconda3/lib/libcurl.so: undefined reference to `SSL_CTX_set_msg_callback'
/home/morrison/anaconda3/lib/libcurl.so: undefined reference to `X509_free'
/home/morrison/anaconda3/lib/libcurl.so: undefined reference to `sk_pop'
/home/morrison/anaconda3/lib/libcurl.so: undefined reference to `ERR_error_string_n'
/home/morrison/anaconda3/lib/libcurl.so: undefined reference to `DES_set_key'
/home/morrison/anaconda3/lib/libcurl.so: undefined reference to `SSL_shutdown'
/home/morrison/anaconda3/lib/libcurl.so: undefined reference to `SSL_CTX_set_srp_username'
/home/morrison/anaconda3/lib/libcurl.so: undefined reference to `ASN1_TIME_print'
/home/morrison/anaconda3/lib/libcurl.so: undefined reference to `SSL_version'
/home/morrison/anaconda3/lib/libcurl.so: undefined reference to `DES_ecb_encrypt'
/home/morrison/anaconda3/lib/libcurl.so: undefined reference to `SSL_get_shutdown'
/home/morrison/anaconda3/lib/libcurl.so: undefined reference to `ENGINE_set_default'
/home/morrison/anaconda3/lib/libcurl.so: undefined reference to `SSL_CTX_set_next_proto_select_cb'
/home/morrison/anaconda3/lib/libcurl.so: undefined reference to `SSL_COMP_free_compression_methods'
/home/morrison/anaconda3/lib/libcurl.so: undefined reference to `X509_STORE_add_lookup'
/home/morrison/anaconda3/lib/libcurl.so: undefined reference to `X509_get_issuer_name'
/home/morrison/anaconda3/lib/libcurl.so: undefined reference to `OCSP_single_get0_status'
/home/morrison/anaconda3/lib/libcurl.so: undefined reference to `X509_EXTENSION_get_object'
/home/morrison/anaconda3/lib/libcurl.so: undefined reference to `RAND_status'
/home/morrison/anaconda3/lib/libcurl.so: undefined reference to `EVP_PKEY_copy_parameters'
/home/morrison/anaconda3/lib/libcurl.so: undefined reference to `X509_EXTENSION_get_data'
/home/morrison/anaconda3/lib/libcurl.so: undefined reference to `ENGINE_free'
/home/morrison/anaconda3/lib/libcurl.so: undefined reference to `ENGINE_load_builtin_engines'
/home/morrison/anaconda3/lib/libcurl.so: undefined reference to `MD4_Final'
/home/morrison/anaconda3/lib/libcurl.so: undefined reference to `SSL_get0_alpn_selected'
/home/morrison/anaconda3/lib/libcurl.so: undefined reference to `SSL_CTX_ctrl'
/home/morrison/anaconda3/lib/libcurl.so: undefined reference to `BN_print'
/home/morrison/anaconda3/lib/libcurl.so: undefined reference to `UI_method_set_reader'
/home/morrison/anaconda3/lib/libcurl.so: undefined reference to `MD4_Init'
/home/morrison/anaconda3/lib/libcurl.so: undefined reference to `CONF_modules_load_file'
/home/morrison/anaconda3/lib/libcurl.so: undefined reference to `ENGINE_ctrl'
/home/morrison/anaconda3/lib/libcurl.so: undefined reference to `ERR_remove_thread_state'
/home/morrison/anaconda3/lib/libcurl.so: undefined reference to `X509_NAME_ENTRY_get_data'
/home/morrison/anaconda3/lib/libcurl.so: undefined reference to `SSL_get_error'
/home/morrison/anaconda3/lib/libcurl.so: undefined reference to `PEM_write_bio_X509'
/home/morrison/anaconda3/lib/libcurl.so: undefined reference to `ENGINE_by_id'
/home/morrison/anaconda3/lib/libcurl.so: undefined reference to `SSL_CTX_free'
/home/morrison/anaconda3/lib/libcurl.so: undefined reference to `OCSP_resp_count'
/home/morrison/anaconda3/lib/libcurl.so: undefined reference to `ENGINE_init'
/home/morrison/anaconda3/lib/libcurl.so: undefined reference to `PKCS12_parse'
/home/morrison/anaconda3/lib/libcurl.so: undefined reference to `SSLeay'
/home/morrison/anaconda3/lib/libcurl.so: undefined reference to `ASN1_STRING_print'
/home/morrison/anaconda3/lib/libcurl.so: undefined reference to `SSL_get_peer_cert_chain'
/home/morrison/anaconda3/lib/libcurl.so: undefined reference to `UI_set_result'
collect2: ld returned 1 exit status
configure:5194: $? = 1
configure: failed program was:
| /* confdefs.h */
| #define PACKAGE_NAME ""
| #define PACKAGE_TARNAME ""
| #define PACKAGE_VERSION ""
| #define PACKAGE_STRING ""
| #define PACKAGE_BUGREPORT ""
| #define PACKAGE_URL ""
| #define STDC_HEADERS 1
| #define HAVE_SYS_TYPES_H 1
| #define HAVE_SYS_STAT_H 1
| #define HAVE_STDLIB_H 1
| #define HAVE_STRING_H 1
| #define HAVE_MEMORY_H 1
| #define HAVE_STRINGS_H 1
| #define HAVE_INTTYPES_H 1
| #define HAVE_STDINT_H 1
| #define HAVE_UNISTD_H 1
| #define HAVE_STDLIB_H 1
| #define HAVE_STRING_H 1
| #define HAVE_MATH_H 1
| #define HAVE_LIMITS_H 1
| #define _LARGEFILE_SOURCE 1
| #define _FILE_OFFSET_BITS 64
| #define CFITSIO_HAVE_CURL 1
| #define HAVE_LONGLONG 1
| /* end confdefs.h.  */
| 
| /* Override any GCC internal prototype to avoid an error.
|    Use char because int might match the return type of a GCC
|    builtin and then its argument prototype would still apply.  */
| #ifdef __cplusplus
| extern "C"
| #endif
| char gethostbyname ();
| int
| main ()
| {
| return gethostbyname ();
|   ;
|   return 0;
| }
configure:5211: result: no
configure:5221: checking for library containing connect
configure:5252: gcc -o conftest -I/home/morrison/anaconda3/include -g -O2 -Dg77Fortran -fPIC  -g -O2 conftest.c -L/home/morrison/anaconda3/lib -lcurl  >&5
/usr/bin/ld: warning: libssl.so.1.0.0, needed by /home/morrison/anaconda3/lib/libcurl.so, not found (try using -rpath or -rpath-link)
/usr/bin/ld: warning: libcrypto.so.1.0.0, needed by /home/morrison/anaconda3/lib/libcurl.so, not found (try using -rpath or -rpath-link)
/home/morrison/anaconda3/lib/libcurl.so: undefined reference to `SSL_connect'
/home/morrison/anaconda3/lib/libcurl.so: undefined reference to `X509_check_issued'
/home/morrison/anaconda3/lib/libcurl.so: undefined reference to `SSL_CTX_set_srp_password'
/home/morrison/anaconda3/lib/libcurl.so: undefined reference to `SSL_set_bio'
/home/morrison/anaconda3/lib/libcurl.so: undefined reference to `BIO_free'
/home/morrison/anaconda3/lib/libcurl.so: undefined reference to `BIO_s_mem'
/home/morrison/anaconda3/lib/libcurl.so: undefined reference to `UI_method_get_reader'
/home/morrison/anaconda3/lib/libcurl.so: undefined reference to `UI_get_string_type'
/home/morrison/anaconda3/lib/libcurl.so: undefined reference to `sk_pop_free'
/home/morrison/anaconda3/lib/libcurl.so: undefined reference to `BIO_ctrl'
/home/morrison/anaconda3/lib/libcurl.so: undefined reference to `DES_set_odd_parity'
/home/morrison/anaconda3/lib/libcurl.so: undefined reference to `UI_get0_user_data'
/home/morrison/anaconda3/lib/libcurl.so: undefined reference to `BN_num_bits'
/home/morrison/anaconda3/lib/libcurl.so: undefined reference to `ENGINE_get_next'
/home/morrison/anaconda3/lib/libcurl.so: undefined reference to `PEM_read_X509'
/home/morrison/anaconda3/lib/libcurl.so: undefined reference to `MD4_Update'
/home/morrison/anaconda3/lib/libcurl.so: undefined reference to `ASN1_STRING_to_UTF8'
/home/morrison/anaconda3/lib/libcurl.so: undefined reference to `GENERAL_NAMES_free'
/home/morrison/anaconda3/lib/libcurl.so: undefined reference to `PKCS12_free'
/home/morrison/anaconda3/lib/libcurl.so: undefined reference to `SSL_get1_session'
/home/morrison/anaconda3/lib/libcurl.so: undefined reference to `SSL_set_session'
/home/morrison/anaconda3/lib/libcurl.so: undefined reference to `ASN1_STRING_length'
/home/morrison/anaconda3/lib/libcurl.so: undefined reference to `ENGINE_get_first'
/home/morrison/anaconda3/lib/libcurl.so: undefined reference to `UI_OpenSSL'
/home/morrison/anaconda3/lib/libcurl.so: undefined reference to `UI_method_get_closer'
/home/morrison/anaconda3/lib/libcurl.so: undefined reference to `OPENSSL_add_all_algorithms_noconf'
/home/morrison/anaconda3/lib/libcurl.so: undefined reference to `OPENSSL_load_builtin_modules'
/home/morrison/anaconda3/lib/libcurl.so: undefined reference to `X509_NAME_get_index_by_NID'
/home/morrison/anaconda3/lib/libcurl.so: undefined reference to `SSL_CTX_set_verify'
/home/morrison/anaconda3/lib/libcurl.so: undefined reference to `UI_method_set_writer'
/home/morrison/anaconda3/lib/libcurl.so: undefined reference to `SSL_SESSION_free'
/home/morrison/anaconda3/lib/libcurl.so: undefined reference to `RAND_load_file'
/home/morrison/anaconda3/lib/libcurl.so: undefined reference to `MD5_Init'
/home/morrison/anaconda3/lib/libcurl.so: undefined reference to `sk_value'
/home/morrison/anaconda3/lib/libcurl.so: undefined reference to `SSL_ctrl'
/home/morrison/anaconda3/lib/libcurl.so: undefined reference to `SSL_load_error_strings'
/home/morrison/anaconda3/lib/libcurl.so: undefined reference to `UI_method_get_opener'
/home/morrison/anaconda3/lib/libcurl.so: undefined reference to `MD5_Final'
/home/morrison/anaconda3/lib/libcurl.so: undefined reference to `UI_method_set_closer'
/home/morrison/anaconda3/lib/libcurl.so: undefined reference to `CRYPTO_malloc'
/home/morrison/anaconda3/lib/libcurl.so: undefined reference to `X509_STORE_set_flags'
/home/morrison/anaconda3/lib/libcurl.so: undefined reference to `SSLv2_client_method'
/home/morrison/anaconda3/lib/libcurl.so: undefined reference to `PKCS12_PBE_add'
/home/morrison/anaconda3/lib/libcurl.so: undefined reference to `SSL_CTX_check_private_key'
/home/morrison/anaconda3/lib/libcurl.so: undefined reference to `SSL_CTX_use_certificate_chain_file'
/home/morrison/anaconda3/lib/libcurl.so: undefined reference to `OCSP_BASICRESP_free'
/home/morrison/anaconda3/lib/libcurl.so: undefined reference to `SSL_get_peer_certificate'
/home/morrison/anaconda3/lib/libcurl.so: undefined reference to `BIO_new'
/home/morrison/anaconda3/lib/libcurl.so: undefined reference to `BIO_f_ssl'
/home/morrison/anaconda3/lib/libcurl.so: undefined reference to `X509_get_subject_name'
/home/morrison/anaconda3/lib/libcurl.so: undefined reference to `SSL_free'
/home/morrison/anaconda3/lib/libcurl.so: undefined reference to `OCSP_RESPONSE_free'
/home/morrison/anaconda3/lib/libcurl.so: undefined reference to `ERR_clear_error'
/home/morrison/anaconda3/lib/libcurl.so: undefined reference to `X509_NAME_get_entry'
/home/morrison/anaconda3/lib/libcurl.so: undefined reference to `d2i_PKCS12_fp'
/home/morrison/anaconda3/lib/libcurl.so: undefined reference to `SHA256_Init'
/home/morrison/anaconda3/lib/libcurl.so: undefined reference to `CONF_modules_free'
/home/morrison/anaconda3/lib/libcurl.so: undefined reference to `OCSP_basic_verify'
/home/morrison/anaconda3/lib/libcurl.so: undefined reference to `ENGINE_cleanup'
/home/morrison/anaconda3/lib/libcurl.so: undefined reference to `BIO_puts'
/home/morrison/anaconda3/lib/libcurl.so: undefined reference to `i2t_ASN1_OBJECT'
/home/morrison/anaconda3/lib/libcurl.so: undefined reference to `SSL_CTX_set_alpn_protos'
/home/morrison/anaconda3/lib/libcurl.so: undefined reference to `SSL_CTX_add_client_CA'
/home/morrison/anaconda3/lib/libcurl.so: undefined reference to `SSL_get_certificate'
/home/morrison/anaconda3/lib/libcurl.so: undefined reference to `RAND_egd'
/home/morrison/anaconda3/lib/libcurl.so: undefined reference to `SSL_CTX_set_default_passwd_cb_userdata'
/home/morrison/anaconda3/lib/libcurl.so: undefined reference to `CRYPTO_free'
/home/morrison/anaconda3/lib/libcurl.so: undefined reference to `SSLv3_client_method'
/home/morrison/anaconda3/lib/libcurl.so: undefined reference to `X509_get_ext_d2i'
/home/morrison/anaconda3/lib/libcurl.so: undefined reference to `ERR_free_strings'
/home/morrison/anaconda3/lib/libcurl.so: undefined reference to `d2i_OCSP_RESPONSE'
/home/morrison/anaconda3/lib/libcurl.so: undefined reference to `SSL_set_connect_state'
/home/morrison/anaconda3/lib/libcurl.so: undefined reference to `SSL_CTX_new'
/home/morrison/anaconda3/lib/libcurl.so: undefined reference to `OCSP_response_status'
/home/morrison/anaconda3/lib/libcurl.so: undefined reference to `SSL_get_verify_result'
/home/morrison/anaconda3/lib/libcurl.so: undefined reference to `OCSP_response_status_str'
/home/morrison/anaconda3/lib/libcurl.so: undefined reference to `X509_load_crl_file'
/home/morrison/anaconda3/lib/libcurl.so: undefined reference to `UI_create_method'
/home/morrison/anaconda3/lib/libcurl.so: undefined reference to `SSL_read'
/home/morrison/anaconda3/lib/libcurl.so: undefined reference to `RAND_bytes'
/home/morrison/anaconda3/lib/libcurl.so: undefined reference to `SSL_set_fd'
/home/morrison/anaconda3/lib/libcurl.so: undefined reference to `EVP_cleanup'
/home/morrison/anaconda3/lib/libcurl.so: undefined reference to `SSL_CTX_use_PrivateKey'
/home/morrison/anaconda3/lib/libcurl.so: undefined reference to `X509_NAME_print_ex'
/home/morrison/anaconda3/lib/libcurl.so: undefined reference to `SSL_pending'
/home/morrison/anaconda3/lib/libcurl.so: undefined reference to `X509_verify_cert_error_string'
/home/morrison/anaconda3/lib/libcurl.so: undefined reference to `SSL_get_current_cipher'
/home/morrison/anaconda3/lib/libcurl.so: undefined reference to `UI_destroy_method'
/home/morrison/anaconda3/lib/libcurl.so: undefined reference to `ENGINE_load_private_key'
/home/morrison/anaconda3/lib/libcurl.so: undefined reference to `X509_LOOKUP_file'
/home/morrison/anaconda3/lib/libcurl.so: undefined reference to `OCSP_crl_reason_str'
/home/morrison/anaconda3/lib/libcurl.so: undefined reference to `ENGINE_finish'
/home/morrison/anaconda3/lib/libcurl.so: undefined reference to `RAND_add'
/home/morrison/anaconda3/lib/libcurl.so: undefined reference to `SSL_CTX_load_verify_locations'
/home/morrison/anaconda3/lib/libcurl.so: undefined reference to `SSL_CIPHER_get_name'
/home/morrison/anaconda3/lib/libcurl.so: undefined reference to `ASN1_STRING_type'
/home/morrison/anaconda3/lib/libcurl.so: undefined reference to `ENGINE_get_id'
/home/morrison/anaconda3/lib/libcurl.so: undefined reference to `ERR_get_error'
/home/morrison/anaconda3/lib/libcurl.so: undefined reference to `i2a_ASN1_OBJECT'
/home/morrison/anaconda3/lib/libcurl.so: undefined reference to `SSLv23_client_method'
/home/morrison/anaconda3/lib/libcurl.so: undefined reference to `ASN1_INTEGER_get'
/home/morrison/anaconda3/lib/libcurl.so: undefined reference to `sk_num'
/home/morrison/anaconda3/lib/libcurl.so: undefined reference to `OCSP_cert_status_str'
/home/morrison/anaconda3/lib/libcurl.so: undefined reference to `ASN1_STRING_data'
/home/morrison/anaconda3/lib/libcurl.so: undefined reference to `EVP_PKEY_free'
/home/morrison/anaconda3/lib/libcurl.so: undefined reference to `SSL_get_privatekey'
/home/morrison/anaconda3/lib/libcurl.so: undefined reference to `ERR_error_string'
/home/morrison/anaconda3/lib/libcurl.so: undefined reference to `RAND_file_name'
/home/morrison/anaconda3/lib/libcurl.so: undefined reference to `ENGINE_ctrl_cmd'
/home/morrison/anaconda3/lib/libcurl.so: undefined reference to `ERR_peek_error'
/home/morrison/anaconda3/lib/libcurl.so: undefined reference to `SSL_CTX_use_PrivateKey_file'
/home/morrison/anaconda3/lib/libcurl.so: undefined reference to `SHA256_Update'
/home/morrison/anaconda3/lib/libcurl.so: undefined reference to `SSL_library_init'
/home/morrison/anaconda3/lib/libcurl.so: undefined reference to `OCSP_check_validity'
/home/morrison/anaconda3/lib/libcurl.so: undefined reference to `UI_method_set_opener'
/home/morrison/anaconda3/lib/libcurl.so: undefined reference to `SSL_CTX_set_default_passwd_cb'
/home/morrison/anaconda3/lib/libcurl.so: undefined reference to `SSL_CTX_use_certificate_file'
/home/morrison/anaconda3/lib/libcurl.so: undefined reference to `X509V3_EXT_print'
/home/morrison/anaconda3/lib/libcurl.so: undefined reference to `MD5_Update'
/home/morrison/anaconda3/lib/libcurl.so: undefined reference to `SHA256_Final'
/home/morrison/anaconda3/lib/libcurl.so: undefined reference to `UI_method_get_writer'
/home/morrison/anaconda3/lib/libcurl.so: undefined reference to `X509_get_pubkey'
/home/morrison/anaconda3/lib/libcurl.so: undefined reference to `SSL_CTX_set_cipher_list'
/home/morrison/anaconda3/lib/libcurl.so: undefined reference to `BIO_printf'
/home/morrison/anaconda3/lib/libcurl.so: undefined reference to `SSL_new'
/home/morrison/anaconda3/lib/libcurl.so: undefined reference to `SSL_CTX_use_certificate'
/home/morrison/anaconda3/lib/libcurl.so: undefined reference to `X509_get_serialNumber'
/home/morrison/anaconda3/lib/libcurl.so: undefined reference to `UI_get_input_flags'
/home/morrison/anaconda3/lib/libcurl.so: undefined reference to `SSL_write'
/home/morrison/anaconda3/lib/libcurl.so: undefined reference to `OCSP_resp_get0'
/home/morrison/anaconda3/lib/libcurl.so: undefined reference to `SSL_CTX_get_cert_store'
/home/morrison/anaconda3/lib/libcurl.so: undefined reference to `i2d_X509_PUBKEY'
/home/morrison/anaconda3/lib/libcurl.so: undefined reference to `OCSP_response_get1_basic'
/home/morrison/anaconda3/lib/libcurl.so: undefined reference to `SSL_CTX_set_msg_callback'
/home/morrison/anaconda3/lib/libcurl.so: undefined reference to `X509_free'
/home/morrison/anaconda3/lib/libcurl.so: undefined reference to `sk_pop'
/home/morrison/anaconda3/lib/libcurl.so: undefined reference to `ERR_error_string_n'
/home/morrison/anaconda3/lib/libcurl.so: undefined reference to `DES_set_key'
/home/morrison/anaconda3/lib/libcurl.so: undefined reference to `SSL_shutdown'
/home/morrison/anaconda3/lib/libcurl.so: undefined reference to `SSL_CTX_set_srp_username'
/home/morrison/anaconda3/lib/libcurl.so: undefined reference to `ASN1_TIME_print'
/home/morrison/anaconda3/lib/libcurl.so: undefined reference to `SSL_version'
/home/morrison/anaconda3/lib/libcurl.so: undefined reference to `DES_ecb_encrypt'
/home/morrison/anaconda3/lib/libcurl.so: undefined reference to `SSL_get_shutdown'
/home/morrison/anaconda3/lib/libcurl.so: undefined reference to `ENGINE_set_default'
/home/morrison/anaconda3/lib/libcurl.so: undefined reference to `SSL_CTX_set_next_proto_select_cb'
/home/morrison/anaconda3/lib/libcurl.so: undefined reference to `SSL_COMP_free_compression_methods'
/home/morrison/anaconda3/lib/libcurl.so: undefined reference to `X509_STORE_add_lookup'
/home/morrison/anaconda3/lib/libcurl.so: undefined reference to `X509_get_issuer_name'
/home/morrison/anaconda3/lib/libcurl.so: undefined reference to `OCSP_single_get0_status'
/home/morrison/anaconda3/lib/libcurl.so: undefined reference to `X509_EXTENSION_get_object'
/home/morrison/anaconda3/lib/libcurl.so: undefined reference to `RAND_status'
/home/morrison/anaconda3/lib/libcurl.so: undefined reference to `EVP_PKEY_copy_parameters'
/home/morrison/anaconda3/lib/libcurl.so: undefined reference to `X509_EXTENSION_get_data'
/home/morrison/anaconda3/lib/libcurl.so: undefined reference to `ENGINE_free'
/home/morrison/anaconda3/lib/libcurl.so: undefined reference to `ENGINE_load_builtin_engines'
/home/morrison/anaconda3/lib/libcurl.so: undefined reference to `MD4_Final'
/home/morrison/anaconda3/lib/libcurl.so: undefined reference to `SSL_get0_alpn_selected'
/home/morrison/anaconda3/lib/libcurl.so: undefined reference to `SSL_CTX_ctrl'
/home/morrison/anaconda3/lib/libcurl.so: undefined reference to `BN_print'
/home/morrison/anaconda3/lib/libcurl.so: undefined reference to `UI_method_set_reader'
/home/morrison/anaconda3/lib/libcurl.so: undefined reference to `MD4_Init'
/home/morrison/anaconda3/lib/libcurl.so: undefined reference to `CONF_modules_load_file'
/home/morrison/anaconda3/lib/libcurl.so: undefined reference to `ENGINE_ctrl'
/home/morrison/anaconda3/lib/libcurl.so: undefined reference to `ERR_remove_thread_state'
/home/morrison/anaconda3/lib/libcurl.so: undefined reference to `X509_NAME_ENTRY_get_data'
/home/morrison/anaconda3/lib/libcurl.so: undefined reference to `SSL_get_error'
/home/morrison/anaconda3/lib/libcurl.so: undefined reference to `PEM_write_bio_X509'
/home/morrison/anaconda3/lib/libcurl.so: undefined reference to `ENGINE_by_id'
/home/morrison/anaconda3/lib/libcurl.so: undefined reference to `SSL_CTX_free'
/home/morrison/anaconda3/lib/libcurl.so: undefined reference to `OCSP_resp_count'
/home/morrison/anaconda3/lib/libcurl.so: undefined reference to `ENGINE_init'
/home/morrison/anaconda3/lib/libcurl.so: undefined reference to `PKCS12_parse'
/home/morrison/anaconda3/lib/libcurl.so: undefined reference to `SSLeay'
/home/morrison/anaconda3/lib/libcurl.so: undefined reference to `ASN1_STRING_print'
/home/morrison/anaconda3/lib/libcurl.so: undefined reference to `SSL_get_peer_cert_chain'
/home/morrison/anaconda3/lib/libcurl.so: undefined reference to `UI_set_result'
collect2: ld returned 1 exit status
configure:5252: $? = 1
configure: failed program was:
| /* confdefs.h */
| #define PACKAGE_NAME ""
| #define PACKAGE_TARNAME ""
| #define PACKAGE_VERSION ""
| #define PACKAGE_STRING ""
| #define PACKAGE_BUGREPORT ""
| #define PACKAGE_URL ""
| #define STDC_HEADERS 1
| #define HAVE_SYS_TYPES_H 1
| #define HAVE_SYS_STAT_H 1
| #define HAVE_STDLIB_H 1
| #define HAVE_STRING_H 1
| #define HAVE_MEMORY_H 1
| #define HAVE_STRINGS_H 1
| #define HAVE_INTTYPES_H 1
| #define HAVE_STDINT_H 1
| #define HAVE_UNISTD_H 1
| #define HAVE_STDLIB_H 1
| #define HAVE_STRING_H 1
| #define HAVE_MATH_H 1
| #define HAVE_LIMITS_H 1
| #define _LARGEFILE_SOURCE 1
| #define _FILE_OFFSET_BITS 64
| #define CFITSIO_HAVE_CURL 1
| #define HAVE_LONGLONG 1
| /* end confdefs.h.  */
| 
| /* Override any GCC internal prototype to avoid an error.
|    Use char because int might match the return type of a GCC
|    builtin and then its argument prototype would still apply.  */
| #ifdef __cplusplus
| extern "C"
| #endif
| char connect ();
| int
| main ()
| {
| return connect ();
|   ;
|   return 0;
| }
configure:5252: gcc -o conftest -I/home/morrison/anaconda3/include -g -O2 -Dg77Fortran -fPIC  -g -O2 conftest.c -lsocket -lnsl -L/home/morrison/anaconda3/lib -lcurl  >&5
/usr/bin/ld: cannot find -lsocket
collect2: ld returned 1 exit status
configure:5252: $? = 1
configure: failed program was:
| /* confdefs.h */
| #define PACKAGE_NAME ""
| #define PACKAGE_TARNAME ""
| #define PACKAGE_VERSION ""
| #define PACKAGE_STRING ""
| #define PACKAGE_BUGREPORT ""
| #define PACKAGE_URL ""
| #define STDC_HEADERS 1
| #define HAVE_SYS_TYPES_H 1
| #define HAVE_SYS_STAT_H 1
| #define HAVE_STDLIB_H 1
| #define HAVE_STRING_H 1
| #define HAVE_MEMORY_H 1
| #define HAVE_STRINGS_H 1
| #define HAVE_INTTYPES_H 1
| #define HAVE_STDINT_H 1
| #define HAVE_UNISTD_H 1
| #define HAVE_STDLIB_H 1
| #define HAVE_STRING_H 1
| #define HAVE_MATH_H 1
| #define HAVE_LIMITS_H 1
| #define _LARGEFILE_SOURCE 1
| #define _FILE_OFFSET_BITS 64
| #define CFITSIO_HAVE_CURL 1
| #define HAVE_LONGLONG 1
| /* end confdefs.h.  */
| 
| /* Override any GCC internal prototype to avoid an error.
|    Use char because int might match the return type of a GCC
|    builtin and then its argument prototype would still apply.  */
| #ifdef __cplusplus
| extern "C"
| #endif
| char connect ();
| int
| main ()
| {
| return connect ();
|   ;
|   return 0;
| }
configure:5269: result: no
configure:5439: creating ./config.status

## ---------------------- ##
## Running config.status. ##
## ---------------------- ##

This file was extended by config.status, which was
generated by GNU Autoconf 2.69.  Invocation command line was

  CONFIG_FILES    = 
  CONFIG_HEADERS  = 
  CONFIG_LINKS    = 
  CONFIG_COMMANDS = 
  $ ./config.status 

on poppy.as.arizona.edu

config.status:757: creating Makefile
configure:6596: creating ./config.status

## ---------------------- ##
## Running config.status. ##
## ---------------------- ##

This file was extended by config.status, which was
generated by GNU Autoconf 2.69.  Invocation command line was

  CONFIG_FILES    = 
  CONFIG_HEADERS  = 
  CONFIG_LINKS    = 
  CONFIG_COMMANDS = 
  $ ./config.status 

on poppy.as.arizona.edu

config.status:758: creating Makefile
config.status:758: creating cfitsio.pc
configure:7604: result: 
configure:7606: result:     Congratulations, Makefile update was successful.
configure:7608: result:     You may want to run "make" now.
configure:7610: result: 

## ---------------- ##
## Cache variables. ##
## ---------------- ##

ac_cv_build=x86_64-pc-linux-gnu
ac_cv_c_compiler_gnu=yes
ac_cv_env_CC_set=
ac_cv_env_CC_value=
ac_cv_env_CFLAGS_set=
ac_cv_env_CFLAGS_value=
ac_cv_env_CPPFLAGS_set=
ac_cv_env_CPPFLAGS_value=
ac_cv_env_CPP_set=
ac_cv_env_CPP_value=
ac_cv_env_LDFLAGS_set=
ac_cv_env_LDFLAGS_value=
ac_cv_env_LIBS_set=
ac_cv_env_LIBS_value=
ac_cv_env_build_alias_set=
ac_cv_env_build_alias_value=
ac_cv_env_host_alias_set=
ac_cv_env_host_alias_value=
ac_cv_env_target_alias_set=
ac_cv_env_target_alias_value=
ac_cv_header_inttypes_h=yes
ac_cv_header_limits_h=yes
ac_cv_header_math_h=yes
ac_cv_header_memory_h=yes
ac_cv_header_stdc=yes
ac_cv_header_stdint_h=yes
ac_cv_header_stdlib_h=yes
ac_cv_header_string_h=yes
ac_cv_header_strings_h=yes
ac_cv_header_sys_stat_h=yes
ac_cv_header_sys_types_h=yes
ac_cv_header_unistd_h=yes
ac_cv_host=x86_64-pc-linux-gnu
ac_cv_objext=o
ac_cv_path_EGREP='/bin/grep -E'
ac_cv_path_GREP=/bin/grep
ac_cv_prog_AR=ar
ac_cv_prog_CPP='gcc -E'
ac_cv_prog_CURLCONFIG=curl-config
ac_cv_prog_FC=gfortran
ac_cv_prog_ac_ct_CC=gcc
ac_cv_prog_ac_ct_RANLIB=ranlib
ac_cv_prog_cc_c89=
ac_cv_prog_cc_g=yes
ac_cv_search_connect=no
ac_cv_search_gethostbyname=no
ac_cv_target=x86_64-pc-linux-gnu

## ----------------- ##
## Output variables. ##
## ----------------- ##

AR='ar'
ARCH='linux'
ARCHIVE='ar rv'
CC='gcc'
CFITSIO_MAJOR='3'
CFITSIO_MINOR='44'
CFITSIO_SHLIB='lib${PACKAGE}${SHLIB_SUFFIX}.${CFITSIO_SONAME}.${CFITSIO_MAJOR}.${CFITSIO_MINOR}'
CFITSIO_SHLIB_SONAME='lib${PACKAGE}${SHLIB_SUFFIX}.${CFITSIO_SONAME}'
CFITSIO_SONAME='6'
CFLAGS='-I/home/morrison/anaconda3/include -g -O2 -Dg77Fortran -fPIC'
CPP='gcc -E'
CPPFLAGS=''
CURLCONFIG='curl-config'
DEFS='-DPACKAGE_NAME=\"\" -DPACKAGE_TARNAME=\"\" -DPACKAGE_VERSION=\"\" -DPACKAGE_STRING=\"\" -DPACKAGE_BUGREPORT=\"\" -DPACKAGE_URL=\"\" -DSTDC_HEADERS=1 -DHAVE_SYS_TYPES_H=1 -DHAVE_SYS_STAT_H=1 -DHAVE_STDLIB_H=1 -DHAVE_STRING_H=1 -DHAVE_MEMORY_H=1 -DHAVE_STRINGS_H=1 -DHAVE_INTTYPES_H=1 -DHAVE_STDINT_H=1 -DHAVE_UNISTD_H=1 -DHAVE_STDLIB_H=1 -DHAVE_STRING_H=1 -DHAVE_MATH_H=1 -DHAVE_LIMITS_H=1 -D_LARGEFILE_SOURCE=1 -D_FILE_OFFSET_BITS=64 -DCFITSIO_HAVE_CURL=1 -DHAVE_LONGLONG=1'
ECHO_C=''
ECHO_N='-n'
ECHO_T=''
EGREP='/bin/grep -E'
EXEEXT=''
F77_WRAPPERS='${FITSIO_SRC}'
FC='gfortran'
GCCVERSION='4.4.7'
GREP='/bin/grep'
GSIFTP_SRC=''
INSTALL_ROOT='${prefix}'
LDFLAGS='-g -O2'
LDFLAGS_BIN='-g -O2'
LIBOBJS=''
LIBPRE=''
LIBS='-L/home/morrison/anaconda3/lib -lcurl '
LTLIBOBJS=''
OBJEXT='o'
PACKAGE_BUGREPORT=''
PACKAGE_NAME=''
PACKAGE_STRING=''
PACKAGE_TARNAME=''
PACKAGE_URL=''
PACKAGE_VERSION=''
PATH_SEPARATOR=':'
RANLIB='ranlib'
SHELL='/bin/sh'
SHLIB_LD='gcc -shared -Wl,-soname,lib${PACKAGE}${SHLIB_SUFFIX}.${CFITSIO_SONAME}'
SHLIB_SUFFIX='.so'
SSE_FLAGS=''
ac_ct_CC='gcc'
bindir='${exec_prefix}/bin'
build='x86_64-pc-linux-gnu'
build_alias=''
build_cpu='x86_64'
build_os='linux-gnu'
build_vendor='pc'
datadir='${datarootdir}'
datarootdir='${prefix}/share'
docdir='${datarootdir}/doc/${PACKAGE}'
dvidir='${docdir}'
exec_prefix='${prefix}'
host='x86_64-pc-linux-gnu'
host_alias=''
host_cpu='x86_64'
host_os='linux-gnu'
host_vendor='pc'
htmldir='${docdir}'
includedir='${prefix}/include'
infodir='${datarootdir}/info'
libdir='${exec_prefix}/lib'
libexecdir='${exec_prefix}/libexec'
localedir='${datarootdir}/locale'
localstatedir='${prefix}/var'
mandir='${datarootdir}/man'
my_shmem=''
oldincludedir='/usr/include'
pdfdir='${docdir}'
prefix='/home/morrison/MIRI_DHAS/MPipeline/DAT/lib/cfitsio'
program_transform_name='s,x,x,'
psdir='${docdir}'
sbindir='${exec_prefix}/sbin'
sharedstatedir='${prefix}/com'
sysconfdir='${prefix}/etc'
target='x86_64-pc-linux-gnu'
target_alias=''
target_cpu='x86_64'
target_os='linux-gnu'
target_vendor='pc'

## ----------- ##
## confdefs.h. ##
## ----------- ##

/* confdefs.h */
#define PACKAGE_NAME ""
#define PACKAGE_TARNAME ""
#define PACKAGE_VERSION ""
#define PACKAGE_STRING ""
#define PACKAGE_BUGREPORT ""
#define PACKAGE_URL ""
#define STDC_HEADERS 1
#define HAVE_SYS_TYPES_H 1
#define HAVE_SYS_STAT_H 1
#define HAVE_STDLIB_H 1
#define HAVE_STRING_H 1
#define HAVE_MEMORY_H 1
#define HAVE_STRINGS_H 1
#define HAVE_INTTYPES_H 1
#define HAVE_STDINT_H 1
#define HAVE_UNISTD_H 1
#define HAVE_STDLIB_H 1
#define HAVE_STRING_H 1
#define HAVE_MATH_H 1
#define HAVE_LIMITS_H 1
#define _LARGEFILE_SOURCE 1
#define _FILE_OFFSET_BITS 64
#define CFITSIO_HAVE_CURL 1
#define HAVE_LONGLONG 1

configure: exit 0
